{"numTotalTestSuites":50,"numPassedTestSuites":50,"numFailedTestSuites":0,"numPendingTestSuites":0,"numTotalTests":47,"numPassedTests":30,"numFailedTests":17,"numPendingTests":0,"numTodoTests":0,"startTime":1784926760854,"success":false,"testResults":[{"assertionResults":[{"ancestorTitles":["","UAT-001 ~ UAT-004: 站点管理 (REQ-001)","UAT-001: 站点配置项持久化与读取"],"fullName":" UAT-001 ~ UAT-004: 站点管理 (REQ-001) UAT-001: 站点配置项持久化与读取 UAT-001: PATCH /api/site/config 后 GET 返回一致，WAL 重放后恢复","status":"passed","title":"UAT-001: PATCH /api/site/config 后 GET 返回一致，WAL 重放后恢复","duration":118,"failureMessages":[]},{"ancestorTitles":["","UAT-001 ~ UAT-004: 站点管理 (REQ-001)","UAT-001: 站点配置项持久化与读取"],"fullName":" UAT-001 ~ UAT-004: 站点管理 (REQ-001) UAT-001: 站点配置项持久化与读取 UAT-001 异常: 非管理员 PATCH /api/site/config → 403","status":"passed","title":"UAT-001 异常: 非管理员 PATCH /api/site/config → 403","duration":132,"failureMessages":[]},{"ancestorTitles":["","UAT-001 ~ UAT-004: 站点管理 (REQ-001)","UAT-002: 维护模式开关阻断非管理员请求"],"fullName":" UAT-001 ~ UAT-004: 站点管理 (REQ-001) UAT-002: 维护模式开关阻断非管理员请求 UAT-002: 维护模式开启后注册/评论被拒，管理员操作正常，关闭后恢复","status":"passed","title":"UAT-002: 维护模式开启后注册/评论被拒，管理员操作正常，关闭后恢复","duration":146,"failureMessages":[]},{"ancestorTitles":["","UAT-001 ~ UAT-004: 站点管理 (REQ-001)","UAT-002: 维护模式开关阻断非管理员请求"],"fullName":" UAT-001 ~ UAT-004: 站点管理 (REQ-001) UAT-002: 维护模式开关阻断非管理员请求 UAT-002 边界: 非管理员切换开关 → 403","status":"passed","title":"UAT-002 边界: 非管理员切换开关 → 403","duration":129,"failureMessages":[]},{"ancestorTitles":["","UAT-001 ~ UAT-004: 站点管理 (REQ-001)","UAT-003: 公告定时发布在指定时间戳后可见"],"fullName":" UAT-001 ~ UAT-004: 站点管理 (REQ-001) UAT-003: 公告定时发布在指定时间戳后可见 UAT-003: 公告设定未来时间发布，到达时间前 scheduled，到达后 published","status":"passed","title":"UAT-003: 公告设定未来时间发布，到达时间前 scheduled，到达后 published","duration":69,"failureMessages":[]},{"ancestorTitles":["","UAT-001 ~ UAT-004: 站点管理 (REQ-001)","UAT-004: 站点统计概览 4 项计数一致"],"fullName":" UAT-001 ~ UAT-004: 站点管理 (REQ-001) UAT-004: 站点统计概览 4 项计数一致 UAT-004: GET /api/site/overview 返回 userCount/articleCount，实体变化后同步更新","status":"passed","title":"UAT-004: GET /api/site/overview 返回 userCount/articleCount，实体变化后同步更新","duration":135,"failureMessages":[]}],"startTime":1784926762290,"endTime":1784926763020,"status":"passed","message":"","name":"D:/w_skill_opt/Software_Engineering_W_Development_Model_Skills_Pack/w-model-dev-demo/tests/acceptance/uat-001-004.req001-site.test.ts"},{"assertionResults":[{"ancestorTitles":["","UAT-005 ~ UAT-012: 博主+用户身份管理 (REQ-002 / REQ-003)","UAT-005: 博主注册返回 201"],"fullName":" UAT-005 ~ UAT-012: 博主+用户身份管理 (REQ-002 / REQ-003) UAT-005: 博主注册返回 201 UAT-005: POST /api/bloggers 返回 201+userId，重复邮箱 409，可登录获取 JWT","status":"passed","title":"UAT-005: POST /api/bloggers 返回 201+userId，重复邮箱 409，可登录获取 JWT","duration":238,"failureMessages":[]},{"ancestorTitles":["","UAT-005 ~ UAT-012: 博主+用户身份管理 (REQ-002 / REQ-003)","UAT-006: 博主角色分级 3 类区分"],"fullName":" UAT-005 ~ UAT-012: 博主+用户身份管理 (REQ-002 / REQ-003) UAT-006: 博主角色分级 3 类区分 UAT-006: 3 类分级（normal/verified/featured），仅 admin 可变更","status":"passed","title":"UAT-006: 3 类分级（normal/verified/featured），仅 admin 可变更","duration":327,"failureMessages":[]},{"ancestorTitles":["","UAT-005 ~ UAT-012: 博主+用户身份管理 (REQ-002 / REQ-003)","UAT-007: 博主权限隔离"],"fullName":" UAT-005 ~ UAT-012: 博主+用户身份管理 (REQ-002 / REQ-003) UAT-007: 博主权限隔离 UAT-007: 博主 A 编辑博主 B 的文章 → 403，B 编辑自己的 → 200","status":"passed","title":"UAT-007: 博主 A 编辑博主 B 的文章 → 403，B 编辑自己的 → 200","duration":205,"failureMessages":[]},{"ancestorTitles":["","UAT-005 ~ UAT-012: 博主+用户身份管理 (REQ-002 / REQ-003)","UAT-008: 关注/取关双向列表一致"],"fullName":" UAT-005 ~ UAT-012: 博主+用户身份管理 (REQ-002 / REQ-003) UAT-008: 关注/取关双向列表一致 UAT-008: A 关注 B 后双向列表含对方，取关后均不含","status":"passed","title":"UAT-008: A 关注 B 后双向列表含对方，取关后均不含","duration":207,"failureMessages":[]},{"ancestorTitles":["","UAT-005 ~ UAT-012: 博主+用户身份管理 (REQ-002 / REQ-003)","UAT-008: 关注/取关双向列表一致"],"fullName":" UAT-005 ~ UAT-012: 博主+用户身份管理 (REQ-002 / REQ-003) UAT-008: 关注/取关双向列表一致 UAT-008 异常: 重复关注 → 409","status":"passed","title":"UAT-008 异常: 重复关注 → 409","duration":192,"failureMessages":[]},{"ancestorTitles":["","UAT-005 ~ UAT-012: 博主+用户身份管理 (REQ-002 / REQ-003)","UAT-009: 用户注册+登录返回 JWT 且 bcrypt 哈希"],"fullName":" UAT-005 ~ UAT-012: 博主+用户身份管理 (REQ-002 / REQ-003) UAT-009: 用户注册+登录返回 JWT 且 bcrypt 哈希 UAT-009: 注册→登录→错误密码 401，密码 bcrypt 哈希 cost≥10","status":"passed","title":"UAT-009: 注册→登录→错误密码 401，密码 bcrypt 哈希 cost≥10","duration":244,"failureMessages":[]},{"ancestorTitles":["","UAT-005 ~ UAT-012: 博主+用户身份管理 (REQ-002 / REQ-003)","UAT-010: 4 类角色 RBAC 权限边界"],"fullName":" UAT-005 ~ UAT-012: 博主+用户身份管理 (REQ-002 / REQ-003) UAT-010: 4 类角色 RBAC 权限边界 UAT-010: user/blogger 访问 admin 端点 → 403，admin/super_admin → 200","status":"passed","title":"UAT-010: user/blogger 访问 admin 端点 → 403，admin/super_admin → 200","duration":262,"failureMessages":[]},{"ancestorTitles":["","UAT-005 ~ UAT-012: 博主+用户身份管理 (REQ-002 / REQ-003)","UAT-010: 4 类角色 RBAC 权限边界"],"fullName":" UAT-005 ~ UAT-012: 博主+用户身份管理 (REQ-002 / REQ-003) UAT-010: 4 类角色 RBAC 权限边界 UAT-010 边界: super_admin 可越权操作 admin 资源","status":"passed","title":"UAT-010 边界: super_admin 可越权操作 admin 资源","duration":184,"failureMessages":[]},{"ancestorTitles":["","UAT-005 ~ UAT-012: 博主+用户身份管理 (REQ-002 / REQ-003)","UAT-011: 用户资料修改一致性"],"fullName":" UAT-005 ~ UAT-012: 博主+用户身份管理 (REQ-002 / REQ-003) UAT-011: 用户资料修改一致性 UAT-011: PATCH 资料后 GET 返回最新值，超长昵称 → 400","status":"failed","title":"UAT-011: PATCH 资料后 GET 返回最新值，超长昵称 → 400","duration":133,"failureMessages":["expected 401 to be 200 // Object.is equality"],"location":{"line":367,"column":29}},{"ancestorTitles":["","UAT-005 ~ UAT-012: 博主+用户身份管理 (REQ-002 / REQ-003)","UAT-011: 用户资料修改一致性"],"fullName":" UAT-005 ~ UAT-012: 博主+用户身份管理 (REQ-002 / REQ-003) UAT-011: 用户资料修改一致性 UAT-011 异常: 非本人修改他人资料 → 403","status":"failed","title":"UAT-011 异常: 非本人修改他人资料 → 403","duration":189,"failureMessages":["expected 500 to be 403 // Object.is equality"],"location":{"line":389,"column":26}},{"ancestorTitles":["","UAT-005 ~ UAT-012: 博主+用户身份管理 (REQ-002 / REQ-003)","UAT-012: 封禁用户登录返回错误且记录原因"],"fullName":" UAT-005 ~ UAT-012: 博主+用户身份管理 (REQ-002 / REQ-003) UAT-012: 封禁用户登录返回错误且记录原因 UAT-012: 封禁后登录被拒（60002→409）含原因，解禁后恢复","status":"failed","title":"UAT-012: 封禁后登录被拒（60002→409）含原因，解禁后恢复","duration":135,"failureMessages":["expected 401 to be 200 // Object.is equality"],"location":{"line":419,"column":33}},{"ancestorTitles":["","UAT-005 ~ UAT-012: 博主+用户身份管理 (REQ-002 / REQ-003)","UAT-012: 封禁用户登录返回错误且记录原因"],"fullName":" UAT-005 ~ UAT-012: 博主+用户身份管理 (REQ-002 / REQ-003) UAT-012: 封禁用户登录返回错误且记录原因 UAT-012 异常: 重复封禁已封禁用户 → 409","status":"passed","title":"UAT-012 异常: 重复封禁已封禁用户 → 409","duration":128,"failureMessages":[]}],"startTime":1784926762290,"endTime":1784926764736,"status":"failed","message":"","name":"D:/w_skill_opt/Software_Engineering_W_Development_Model_Skills_Pack/w-model-dev-demo/tests/acceptance/uat-005-012.req002-003-identity.test.ts"},{"assertionResults":[{"ancestorTitles":["","UAT-013 ~ UAT-020: 推荐/广告/统计 (REQ-004 / REQ-005 / REQ-006)","UAT-013: 个性化推荐流"],"fullName":" UAT-013 ~ UAT-020: 推荐/广告/统计 (REQ-004 / REQ-005 / REQ-006) UAT-013: 个性化推荐流 UAT-013: 个性化推荐流非空且按算法得分降序","status":"passed","title":"UAT-013: 个性化推荐流非空且按算法得分降序","duration":242,"failureMessages":[]},{"ancestorTitles":["","UAT-013 ~ UAT-020: 推荐/广告/统计 (REQ-004 / REQ-005 / REQ-006)","UAT-014: 热门/最新推荐流排序正确"],"fullName":" UAT-013 ~ UAT-020: 推荐/广告/统计 (REQ-004 / REQ-005 / REQ-006) UAT-014: 热门/最新推荐流排序正确 UAT-014: 热门流按热度降序，最新流按发布时间降序","status":"passed","title":"UAT-014: 热门流按热度降序，最新流按发布时间降序","duration":136,"failureMessages":[]},{"ancestorTitles":["","UAT-013 ~ UAT-020: 推荐/广告/统计 (REQ-004 / REQ-005 / REQ-006)","UAT-015: 推荐位配置变更生效"],"fullName":" UAT-013 ~ UAT-020: 推荐/广告/统计 (REQ-004 / REQ-005 / REQ-006) UAT-015: 推荐位配置变更生效 UAT-015: 管理员变更推荐位后可查询最新配置","status":"passed","title":"UAT-015: 管理员变更推荐位后可查询最新配置","duration":131,"failureMessages":[]},{"ancestorTitles":["","UAT-013 ~ UAT-020: 推荐/广告/统计 (REQ-004 / REQ-005 / REQ-006)","UAT-015: 推荐位配置变更生效"],"fullName":" UAT-013 ~ UAT-020: 推荐/广告/统计 (REQ-004 / REQ-005 / REQ-006) UAT-015: 推荐位配置变更生效 UAT-015 边界: 推荐位数量上限 20","status":"passed","title":"UAT-015 边界: 推荐位数量上限 20","duration":126,"failureMessages":[]},{"ancestorTitles":["","UAT-013 ~ UAT-020: 推荐/广告/统计 (REQ-004 / REQ-005 / REQ-006)","UAT-016: 广告位 CRUD + 投放时间范围生效"],"fullName":" UAT-013 ~ UAT-020: 推荐/广告/统计 (REQ-004 / REQ-005 / REQ-006) UAT-016: 广告位 CRUD + 投放时间范围生效 UAT-016: 广告创建后投放，超出 endAt 后不展示","status":"passed","title":"UAT-016: 广告创建后投放，超出 endAt 后不展示","duration":200,"failureMessages":[]},{"ancestorTitles":["","UAT-013 ~ UAT-020: 推荐/广告/统计 (REQ-004 / REQ-005 / REQ-006)","UAT-017: 点击统计 CTR 计算正确"],"fullName":" UAT-013 ~ UAT-020: 推荐/广告/统计 (REQ-004 / REQ-005 / REQ-006) UAT-017: 点击统计 CTR 计算正确 UAT-017: 100 次展示 + 10 次点击 → CTR=0.1","status":"passed","title":"UAT-017: 100 次展示 + 10 次点击 → CTR=0.1","duration":123,"failureMessages":[]},{"ancestorTitles":["","UAT-013 ~ UAT-020: 推荐/广告/统计 (REQ-004 / REQ-005 / REQ-006)","UAT-018: 未审核广告不向前台返回"],"fullName":" UAT-013 ~ UAT-020: 推荐/广告/统计 (REQ-004 / REQ-005 / REQ-006) UAT-018: 未审核广告不向前台返回 UAT-018: pending 状态广告不投放，approve 后可见","status":"passed","title":"UAT-018: pending 状态广告不投放，approve 后可见","duration":195,"failureMessages":[]},{"ancestorTitles":["","UAT-013 ~ UAT-020: 推荐/广告/统计 (REQ-004 / REQ-005 / REQ-006)","UAT-019: 4 类统计接口字段齐全"],"fullName":" UAT-013 ~ UAT-020: 推荐/广告/统计 (REQ-004 / REQ-005 / REQ-006) UAT-019: 4 类统计接口字段齐全 UAT-019: 文章/用户/站点统计接口返回字段齐全且数值一致","status":"passed","title":"UAT-019: 文章/用户/站点统计接口返回字段齐全且数值一致","duration":190,"failureMessages":[]},{"ancestorTitles":["","UAT-013 ~ UAT-020: 推荐/广告/统计 (REQ-004 / REQ-005 / REQ-006)","UAT-020: CSV/JSON 导出文件可解析"],"fullName":" UAT-013 ~ UAT-020: 推荐/广告/统计 (REQ-004 / REQ-005 / REQ-006) UAT-020: CSV/JSON 导出文件可解析 UAT-020: CSV 与 JSON 导出可被标准库解析，字段一致","status":"passed","title":"UAT-020: CSV 与 JSON 导出可被标准库解析，字段一致","duration":133,"failureMessages":[]}],"startTime":1784926762291,"endTime":1784926763768,"status":"passed","message":"","name":"D:/w_skill_opt/Software_Engineering_W_Development_Model_Skills_Pack/w-model-dev-demo/tests/acceptance/uat-013-020.req004-006-discovery-stats.test.ts"},{"assertionResults":[{"ancestorTitles":["","UAT-021 ~ UAT-027: 搜索/标签/分类 (REQ-007 / REQ-008 / REQ-009)","UAT-021: 全文搜索 P95 ≤ 500ms 且命中"],"fullName":" UAT-021 ~ UAT-027: 搜索/标签/分类 (REQ-007 / REQ-008 / REQ-009) UAT-021: 全文搜索 P95 ≤ 500ms 且命中 UAT-021: 1000 文章数据集下搜索 P95 ≤ 500ms，结果命中 TypeScript","status":"failed","title":"UAT-021: 1000 文章数据集下搜索 P95 ≤ 500ms，结果命中 TypeScript","duration":178,"failureMessages":["Cannot read properties of undefined (reading 'findById')"],"location":{"line":65,"column":36}},{"ancestorTitles":["","UAT-021 ~ UAT-027: 搜索/标签/分类 (REQ-007 / REQ-008 / REQ-009)","UAT-022: 排序参数生效"],"fullName":" UAT-021 ~ UAT-027: 搜索/标签/分类 (REQ-007 / REQ-008 / REQ-009) UAT-022: 排序参数生效 UAT-022: relevance/latest/hottest 三种排序结果顺序有差异","status":"failed","title":"UAT-022: relevance/latest/hottest 三种排序结果顺序有差异","duration":127,"failureMessages":["Cannot read properties of undefined (reading 'findById')"],"location":{"line":65,"column":36}},{"ancestorTitles":["","UAT-021 ~ UAT-027: 搜索/标签/分类 (REQ-007 / REQ-008 / REQ-009)","UAT-023: 搜索建议前缀匹配"],"fullName":" UAT-021 ~ UAT-027: 搜索/标签/分类 (REQ-007 / REQ-008 / REQ-009) UAT-023: 搜索建议前缀匹配 UAT-023: 前缀建议 ≤ 10 条且均以前缀开头，空前缀被拒","status":"failed","title":"UAT-023: 前缀建议 ≤ 10 条且均以前缀开头，空前缀被拒","duration":127,"failureMessages":["Cannot read properties of undefined (reading 'findById')"],"location":{"line":65,"column":36}},{"ancestorTitles":["","UAT-021 ~ UAT-027: 搜索/标签/分类 (REQ-007 / REQ-008 / REQ-009)","UAT-024: 文章多标签绑定 + 标签云频次降序"],"fullName":" UAT-021 ~ UAT-027: 搜索/标签/分类 (REQ-007 / REQ-008 / REQ-009) UAT-024: 文章多标签绑定 + 标签云频次降序 UAT-024: 文章可绑定多标签，标签云按 usageCount 降序，>10 标签被拒","status":"failed","title":"UAT-024: 文章可绑定多标签，标签云按 usageCount 降序，>10 标签被拒","duration":145,"failureMessages":["expected 403 to be 200 // Object.is equality"],"location":{"line":226,"column":29}},{"ancestorTitles":["","UAT-021 ~ UAT-027: 搜索/标签/分类 (REQ-007 / REQ-008 / REQ-009)","UAT-025: 标签合并后旧标签不可用"],"fullName":" UAT-021 ~ UAT-027: 搜索/标签/分类 (REQ-007 / REQ-008 / REQ-009) UAT-025: 标签合并后旧标签不可用 UAT-025: 合并后旧标签标记 mergedToId，文章迁移到新标签","status":"passed","title":"UAT-025: 合并后旧标签标记 mergedToId，文章迁移到新标签","duration":126,"failureMessages":[]},{"ancestorTitles":["","UAT-021 ~ UAT-027: 搜索/标签/分类 (REQ-007 / REQ-008 / REQ-009)","UAT-026: 分类树多级父子 + 拒绝循环引用"],"fullName":" UAT-021 ~ UAT-027: 搜索/标签/分类 (REQ-007 / REQ-008 / REQ-009) UAT-026: 分类树多级父子 + 拒绝循环引用 UAT-026: 分类树支持 ≥3 级父子，循环引用被拒（60005）","status":"passed","title":"UAT-026: 分类树支持 ≥3 级父子，循环引用被拒（60005）","duration":130,"failureMessages":[]},{"ancestorTitles":["","UAT-021 ~ UAT-027: 搜索/标签/分类 (REQ-007 / REQ-008 / REQ-009)","UAT-027: 分类下文章列表分页参数生效"],"fullName":" UAT-021 ~ UAT-027: 搜索/标签/分类 (REQ-007 / REQ-008 / REQ-009) UAT-027: 分类下文章列表分页参数生效 UAT-027: page/size 生效，total 准确，size=0 被拒","status":"passed","title":"UAT-027: page/size 生效，total 准确，size=0 被拒","duration":124,"failureMessages":[]}],"startTime":1784926762290,"endTime":1784926763248,"status":"failed","message":"","name":"D:/w_skill_opt/Software_Engineering_W_Development_Model_Skills_Pack/w-model-dev-demo/tests/acceptance/uat-021-027.req007-009-search-tags-categories.test.ts"},{"assertionResults":[{"ancestorTitles":["","UAT-028 ~ UAT-040: 交互与内容 (REQ-010 / REQ-011 / REQ-012 / REQ-013)","UAT-028: 评论 ≥ 2 级回复 + 楼中楼结构"],"fullName":" UAT-028 ~ UAT-040: 交互与内容 (REQ-010 / REQ-011 / REQ-012 / REQ-013) UAT-028: 评论 ≥ 2 级回复 + 楼中楼结构 UAT-028: 评论支持多级回复，parentId 链构成楼中楼结构","status":"failed","title":"UAT-028: 评论支持多级回复，parentId 链构成楼中楼结构","duration":312,"failureMessages":["expected 403 to be 201 // Object.is equality"],"location":{"line":82,"column":28}},{"ancestorTitles":["","UAT-028 ~ UAT-040: 交互与内容 (REQ-010 / REQ-011 / REQ-012 / REQ-013)","UAT-029: 敏感词评论拦截 + 待审核"],"fullName":" UAT-028 ~ UAT-040: 交互与内容 (REQ-010 / REQ-011 / REQ-012 / REQ-013) UAT-029: 敏感词评论拦截 + 待审核 UAT-029: 含敏感词评论 status=pending_review，审核通过后 approved","status":"failed","title":"UAT-029: 含敏感词评论 status=pending_review，审核通过后 approved","duration":202,"failureMessages":["expected 403 to be 201 // Object.is equality"],"location":{"line":134,"column":27}},{"ancestorTitles":["","UAT-028 ~ UAT-040: 交互与内容 (REQ-010 / REQ-011 / REQ-012 / REQ-013)","UAT-030: 点赞计数与取消点赞递减一致"],"fullName":" UAT-028 ~ UAT-040: 交互与内容 (REQ-010 / REQ-011 / REQ-012 / REQ-013) UAT-030: 点赞计数与取消点赞递减一致 UAT-030: 点赞 +1，重复点赞 409（取消点赞接口未实现，文档标注）","status":"failed","title":"UAT-030: 点赞 +1，重复点赞 409（取消点赞接口未实现，文档标注）","duration":194,"failureMessages":["expected 404 to be 204 // Object.is equality"],"location":{"line":186,"column":31}},{"ancestorTitles":["","UAT-028 ~ UAT-040: 交互与内容 (REQ-010 / REQ-011 / REQ-012 / REQ-013)","UAT-031: 举报提交 + 管理员处理状态流转"],"fullName":" UAT-028 ~ UAT-040: 交互与内容 (REQ-010 / REQ-011 / REQ-012 / REQ-013) UAT-031: 举报提交 + 管理员处理状态流转 UAT-031: 举报后 status=reported，管理员审核后 approved","status":"failed","title":"UAT-031: 举报后 status=reported，管理员审核后 approved","duration":191,"failureMessages":["无权查看该文章"],"location":{"line":175,"column":15}},{"ancestorTitles":["","UAT-028 ~ UAT-040: 交互与内容 (REQ-010 / REQ-011 / REQ-012 / REQ-013)","UAT-032: 评论回复触发站内通知 + 未读数 +1"],"fullName":" UAT-028 ~ UAT-040: 交互与内容 (REQ-010 / REQ-011 / REQ-012 / REQ-013) UAT-032: 评论回复触发站内通知 + 未读数 +1 UAT-032: 评论触发文章作者通知，未读数 +1（commentReply-to-评论作者未接线，文档标注）","status":"failed","title":"UAT-032: 评论触发文章作者通知，未读数 +1（commentReply-to-评论作者未接线，文档标注）","duration":196,"failureMessages":["expected 403 to be 201 // Object.is equality"],"location":{"line":260,"column":27}},{"ancestorTitles":["","UAT-028 ~ UAT-040: 交互与内容 (REQ-010 / REQ-011 / REQ-012 / REQ-013)","UAT-033: 全部已读归零 + 通知设置关闭某类生效"],"fullName":" UAT-028 ~ UAT-040: 交互与内容 (REQ-010 / REQ-011 / REQ-012 / REQ-013) UAT-033: 全部已读归零 + 通知设置关闭某类生效 UAT-033: 全部已读后未读归零，关闭 comment 类型后不再投递","status":"failed","title":"UAT-033: 全部已读后未读归零，关闭 comment 类型后不再投递","duration":185,"failureMessages":["无权查看该文章"],"location":{"line":175,"column":15}},{"ancestorTitles":["","UAT-028 ~ UAT-040: 交互与内容 (REQ-010 / REQ-011 / REQ-012 / REQ-013)","UAT-034: 文章 CRUD 状态码 + 非法状态转换拒绝"],"fullName":" UAT-028 ~ UAT-040: 交互与内容 (REQ-010 / REQ-011 / REQ-012 / REQ-013) UAT-034: 文章 CRUD 状态码 + 非法状态转换拒绝 UAT-034: CRUD 状态码正确，draft→published 非法转换被拒（60001→400）","status":"failed","title":"UAT-034: CRUD 状态码正确，draft→published 非法转换被拒（60001→400）","duration":145,"failureMessages":["expected 403 to be 400 // Object.is equality"],"location":{"line":362,"column":33}},{"ancestorTitles":["","UAT-028 ~ UAT-040: 交互与内容 (REQ-010 / REQ-011 / REQ-012 / REQ-013)","UAT-035: 状态机 6 状态合法 + 非法转换拒绝"],"fullName":" UAT-028 ~ UAT-040: 交互与内容 (REQ-010 / REQ-011 / REQ-012 / REQ-013) UAT-035: 状态机 6 状态合法 + 非法转换拒绝 UAT-035: 6 状态合法转换全部通过，非法转换被拒（以 TLA+ 对齐的实际状态机为准）","status":"passed","title":"UAT-035: 6 状态合法转换全部通过，非法转换被拒（以 TLA+ 对齐的实际状态机为准）","duration":132,"failureMessages":[]},{"ancestorTitles":["","UAT-028 ~ UAT-040: 交互与内容 (REQ-010 / REQ-011 / REQ-012 / REQ-013)","UAT-036: 文章系列顺序字段"],"fullName":" UAT-028 ~ UAT-040: 交互与内容 (REQ-010 / REQ-011 / REQ-012 / REQ-013) UAT-036: 文章系列顺序字段 UAT-036: 文章归属系列并有 seriesOrder 字段（重排 API 未实现，文档标注）","status":"failed","title":"UAT-036: 文章归属系列并有 seriesOrder 字段（重排 API 未实现，文档标注）","duration":124,"failureMessages":["Cannot read properties of undefined (reading 'list')"],"location":{"line":441,"column":45}},{"ancestorTitles":["","UAT-028 ~ UAT-040: 交互与内容 (REQ-010 / REQ-011 / REQ-012 / REQ-013)","UAT-037: 定时发布在指定时间戳后状态变为已发布"],"fullName":" UAT-028 ~ UAT-040: 交互与内容 (REQ-010 / REQ-011 / REQ-012 / REQ-013) UAT-037: 定时发布在指定时间戳后状态变为已发布 UAT-037: pending_review → scheduled_publish → published（无自动调度器，手动 transition）","status":"failed","title":"UAT-037: pending_review → scheduled_publish → published（无自动调度器，手动 transition）","duration":121,"failureMessages":["Cannot read properties of undefined (reading 'findById')"],"location":{"line":477,"column":36}},{"ancestorTitles":["","UAT-028 ~ UAT-040: 交互与内容 (REQ-010 / REQ-011 / REQ-012 / REQ-013)","UAT-038: 管理员批量下架返回受影响文章数"],"fullName":" UAT-028 ~ UAT-040: 交互与内容 (REQ-010 / REQ-011 / REQ-012 / REQ-013) UAT-038: 管理员批量下架返回受影响文章数 UAT-038: 批量 archive 5 篇文章 success=5（action=archive，无 takedown）","status":"failed","title":"UAT-038: 批量 archive 5 篇文章 success=5（action=archive，无 takedown）","duration":123,"failureMessages":["Cannot read properties of undefined (reading 'findById')"],"location":{"line":516,"column":31}},{"ancestorTitles":["","UAT-028 ~ UAT-040: 交互与内容 (REQ-010 / REQ-011 / REQ-012 / REQ-013)","UAT-039: 显式引用自动生成反向链接 + 图谱计数"],"fullName":" UAT-028 ~ UAT-040: 交互与内容 (REQ-010 / REQ-011 / REQ-012 / REQ-013) UAT-039: 显式引用自动生成反向链接 + 图谱计数 UAT-039: A 引用 B 后 B 反向链接含 A，图谱计数正确","status":"passed","title":"UAT-039: A 引用 B 后 B 反向链接含 A，图谱计数正确","duration":122,"failureMessages":[]},{"ancestorTitles":["","UAT-028 ~ UAT-040: 交互与内容 (REQ-010 / REQ-011 / REQ-012 / REQ-013)","UAT-040: 被引用文章原作者收到通知"],"fullName":" UAT-028 ~ UAT-040: 交互与内容 (REQ-010 / REQ-011 / REQ-012 / REQ-013) UAT-040: 被引用文章原作者收到通知 UAT-040: A 引用 B 后 B 原作者收到 crossref 通知","status":"passed","title":"UAT-040: A 引用 B 后 B 原作者收到 crossref 通知","duration":190,"failureMessages":[]}],"startTime":1784926762291,"endTime":1784926764529,"status":"failed","message":"","name":"D:/w_skill_opt/Software_Engineering_W_Development_Model_Skills_Pack/w-model-dev-demo/tests/acceptance/uat-028-040.req010-013-interaction-content.test.ts"}]}
