{"total": {"lines":{"total":480,"covered":477,"skipped":0,"pct":99.37},"statements":{"total":480,"covered":477,"skipped":0,"pct":99.37},"functions":{"total":45,"covered":45,"skipped":0,"pct":100},"branches":{"total":109,"covered":101,"skipped":0,"pct":92.66},"branchesTrue":{"total":0,"covered":0,"skipped":0,"pct":100}}
,"D:\\w_skill_opt\\Software_Engineering_W_Development_Model_Skills_Pack\\w-model-dev-demo\\src\\middleware\\auth.middleware.ts": {"lines":{"total":35,"covered":35,"skipped":0,"pct":100},"functions":{"total":3,"covered":3,"skipped":0,"pct":100},"statements":{"total":35,"covered":35,"skipped":0,"pct":100},"branches":{"total":10,"covered":10,"skipped":0,"pct":100}}
,"D:\\w_skill_opt\\Software_Engineering_W_Development_Model_Skills_Pack\\w-model-dev-demo\\src\\middleware\\error.middleware.ts": {"lines":{"total":21,"covered":21,"skipped":0,"pct":100},"functions":{"total":1,"covered":1,"skipped":0,"pct":100},"statements":{"total":21,"covered":21,"skipped":0,"pct":100},"branches":{"total":3,"covered":3,"skipped":0,"pct":100}}
,"D:\\w_skill_opt\\Software_Engineering_W_Development_Model_Skills_Pack\\w-model-dev-demo\\src\\middleware\\validate.middleware.ts": {"lines":{"total":22,"covered":22,"skipped":0,"pct":100},"functions":{"total":1,"covered":1,"skipped":0,"pct":100},"statements":{"total":22,"covered":22,"skipped":0,"pct":100},"branches":{"total":5,"covered":4,"skipped":0,"pct":80}}
,"D:\\w_skill_opt\\Software_Engineering_W_Development_Model_Skills_Pack\\w-model-dev-demo\\src\\services\\article.service.ts": {"lines":{"total":56,"covered":56,"skipped":0,"pct":100},"functions":{"total":4,"covered":4,"skipped":0,"pct":100},"statements":{"total":56,"covered":56,"skipped":0,"pct":100},"branches":{"total":13,"covered":13,"skipped":0,"pct":100}}
,"D:\\w_skill_opt\\Software_Engineering_W_Development_Model_Skills_Pack\\w-model-dev-demo\\src\\services\\auth.service.ts": {"lines":{"total":61,"covered":59,"skipped":0,"pct":96.72},"functions":{"total":3,"covered":3,"skipped":0,"pct":100},"statements":{"total":61,"covered":59,"skipped":0,"pct":96.72},"branches":{"total":12,"covered":11,"skipped":0,"pct":91.66}}
,"D:\\w_skill_opt\\Software_Engineering_W_Development_Model_Skills_Pack\\w-model-dev-demo\\src\\services\\comment.service.ts": {"lines":{"total":66,"covered":65,"skipped":0,"pct":98.48},"functions":{"total":3,"covered":3,"skipped":0,"pct":100},"statements":{"total":66,"covered":65,"skipped":0,"pct":98.48},"branches":{"total":9,"covered":8,"skipped":0,"pct":88.88}}
,"D:\\w_skill_opt\\Software_Engineering_W_Development_Model_Skills_Pack\\w-model-dev-demo\\src\\services\\review.service.ts": {"lines":{"total":33,"covered":33,"skipped":0,"pct":100},"functions":{"total":2,"covered":2,"skipped":0,"pct":100},"statements":{"total":33,"covered":33,"skipped":0,"pct":100},"branches":{"total":11,"covered":11,"skipped":0,"pct":100}}
,"D:\\w_skill_opt\\Software_Engineering_W_Development_Model_Skills_Pack\\w-model-dev-demo\\src\\services\\user.service.ts": {"lines":{"total":27,"covered":27,"skipped":0,"pct":100},"functions":{"total":4,"covered":4,"skipped":0,"pct":100},"statements":{"total":27,"covered":27,"skipped":0,"pct":100},"branches":{"total":5,"covered":5,"skipped":0,"pct":100}}
,"D:\\w_skill_opt\\Software_Engineering_W_Development_Model_Skills_Pack\\w-model-dev-demo\\src\\stores\\article.store.ts": {"lines":{"total":31,"covered":31,"skipped":0,"pct":100},"functions":{"total":5,"covered":5,"skipped":0,"pct":100},"statements":{"total":31,"covered":31,"skipped":0,"pct":100},"branches":{"total":9,"covered":8,"skipped":0,"pct":88.88}}
,"D:\\w_skill_opt\\Software_Engineering_W_Development_Model_Skills_Pack\\w-model-dev-demo\\src\\stores\\comment.store.ts": {"lines":{"total":18,"covered":18,"skipped":0,"pct":100},"functions":{"total":3,"covered":3,"skipped":0,"pct":100},"statements":{"total":18,"covered":18,"skipped":0,"pct":100},"branches":{"total":6,"covered":6,"skipped":0,"pct":100}}
,"D:\\w_skill_opt\\Software_Engineering_W_Development_Model_Skills_Pack\\w-model-dev-demo\\src\\stores\\user.store.ts": {"lines":{"total":27,"covered":27,"skipped":0,"pct":100},"functions":{"total":4,"covered":4,"skipped":0,"pct":100},"statements":{"total":27,"covered":27,"skipped":0,"pct":100},"branches":{"total":10,"covered":8,"skipped":0,"pct":80}}
,"D:\\w_skill_opt\\Software_Engineering_W_Development_Model_Skills_Pack\\w-model-dev-demo\\src\\utils\\async-handler.ts": {"lines":{"total":12,"covered":12,"skipped":0,"pct":100},"functions":{"total":1,"covered":1,"skipped":0,"pct":100},"statements":{"total":12,"covered":12,"skipped":0,"pct":100},"branches":{"total":2,"covered":2,"skipped":0,"pct":100}}
,"D:\\w_skill_opt\\Software_Engineering_W_Development_Model_Skills_Pack\\w-model-dev-demo\\src\\utils\\errors.ts": {"lines":{"total":26,"covered":26,"skipped":0,"pct":100},"functions":{"total":3,"covered":3,"skipped":0,"pct":100},"statements":{"total":26,"covered":26,"skipped":0,"pct":100},"branches":{"total":4,"covered":3,"skipped":0,"pct":75}}
,"D:\\w_skill_opt\\Software_Engineering_W_Development_Model_Skills_Pack\\w-model-dev-demo\\src\\utils\\jwt.ts": {"lines":{"total":24,"covered":24,"skipped":0,"pct":100},"functions":{"total":4,"covered":4,"skipped":0,"pct":100},"statements":{"total":24,"covered":24,"skipped":0,"pct":100},"branches":{"total":6,"covered":5,"skipped":0,"pct":83.33}}
,"D:\\w_skill_opt\\Software_Engineering_W_Development_Model_Skills_Pack\\w-model-dev-demo\\src\\utils\\password.ts": {"lines":{"total":21,"covered":21,"skipped":0,"pct":100},"functions":{"total":4,"covered":4,"skipped":0,"pct":100},"statements":{"total":21,"covered":21,"skipped":0,"pct":100},"branches":{"total":4,"covered":4,"skipped":0,"pct":100}}
}
