{"total": {"lines":{"total":524,"covered":505,"skipped":0,"pct":96.37},"statements":{"total":524,"covered":505,"skipped":0,"pct":96.37},"functions":{"total":52,"covered":48,"skipped":0,"pct":92.3},"branches":{"total":109,"covered":102,"skipped":0,"pct":93.57},"branchesTrue":{"total":0,"covered":0,"skipped":0,"pct":100}}
,"D:\\w_skill_opt\\Software_Engineering_W_Development_Model_Skills_Pack\\w-model-dev-demo\\src\\middleware\\auth.ts": {"lines":{"total":26,"covered":26,"skipped":0,"pct":100},"functions":{"total":1,"covered":1,"skipped":0,"pct":100},"statements":{"total":26,"covered":26,"skipped":0,"pct":100},"branches":{"total":5,"covered":5,"skipped":0,"pct":100}}
,"D:\\w_skill_opt\\Software_Engineering_W_Development_Model_Skills_Pack\\w-model-dev-demo\\src\\middleware\\error-handler.ts": {"lines":{"total":18,"covered":16,"skipped":0,"pct":88.88},"functions":{"total":1,"covered":1,"skipped":0,"pct":100},"statements":{"total":18,"covered":16,"skipped":0,"pct":88.88},"branches":{"total":3,"covered":2,"skipped":0,"pct":66.66}}
,"D:\\w_skill_opt\\Software_Engineering_W_Development_Model_Skills_Pack\\w-model-dev-demo\\src\\middleware\\validate.ts": {"lines":{"total":33,"covered":29,"skipped":0,"pct":87.87},"functions":{"total":1,"covered":1,"skipped":0,"pct":100},"statements":{"total":33,"covered":29,"skipped":0,"pct":87.87},"branches":{"total":7,"covered":5,"skipped":0,"pct":71.42}}
,"D:\\w_skill_opt\\Software_Engineering_W_Development_Model_Skills_Pack\\w-model-dev-demo\\src\\services\\article.service.ts": {"lines":{"total":93,"covered":93,"skipped":0,"pct":100},"functions":{"total":6,"covered":6,"skipped":0,"pct":100},"statements":{"total":93,"covered":93,"skipped":0,"pct":100},"branches":{"total":25,"covered":23,"skipped":0,"pct":92}}
,"D:\\w_skill_opt\\Software_Engineering_W_Development_Model_Skills_Pack\\w-model-dev-demo\\src\\services\\comment.service.ts": {"lines":{"total":48,"covered":48,"skipped":0,"pct":100},"functions":{"total":4,"covered":4,"skipped":0,"pct":100},"statements":{"total":48,"covered":48,"skipped":0,"pct":100},"branches":{"total":9,"covered":9,"skipped":0,"pct":100}}
,"D:\\w_skill_opt\\Software_Engineering_W_Development_Model_Skills_Pack\\w-model-dev-demo\\src\\services\\user.service.ts": {"lines":{"total":53,"covered":53,"skipped":0,"pct":100},"functions":{"total":4,"covered":4,"skipped":0,"pct":100},"statements":{"total":53,"covered":53,"skipped":0,"pct":100},"branches":{"total":10,"covered":10,"skipped":0,"pct":100}}
,"D:\\w_skill_opt\\Software_Engineering_W_Development_Model_Skills_Pack\\w-model-dev-demo\\src\\stores\\article.store.ts": {"lines":{"total":51,"covered":47,"skipped":0,"pct":92.15},"functions":{"total":8,"covered":6,"skipped":0,"pct":75},"statements":{"total":51,"covered":47,"skipped":0,"pct":92.15},"branches":{"total":12,"covered":12,"skipped":0,"pct":100}}
,"D:\\w_skill_opt\\Software_Engineering_W_Development_Model_Skills_Pack\\w-model-dev-demo\\src\\stores\\comment.store.ts": {"lines":{"total":35,"covered":33,"skipped":0,"pct":94.28},"functions":{"total":7,"covered":6,"skipped":0,"pct":85.71},"statements":{"total":35,"covered":33,"skipped":0,"pct":94.28},"branches":{"total":9,"covered":9,"skipped":0,"pct":100}}
,"D:\\w_skill_opt\\Software_Engineering_W_Development_Model_Skills_Pack\\w-model-dev-demo\\src\\stores\\user.store.ts": {"lines":{"total":38,"covered":35,"skipped":0,"pct":92.1},"functions":{"total":6,"covered":5,"skipped":0,"pct":83.33},"statements":{"total":38,"covered":35,"skipped":0,"pct":92.1},"branches":{"total":9,"covered":9,"skipped":0,"pct":100}}
,"D:\\w_skill_opt\\Software_Engineering_W_Development_Model_Skills_Pack\\w-model-dev-demo\\src\\utils\\async-handler.ts": {"lines":{"total":13,"covered":13,"skipped":0,"pct":100},"functions":{"total":1,"covered":1,"skipped":0,"pct":100},"statements":{"total":13,"covered":13,"skipped":0,"pct":100},"branches":{"total":2,"covered":2,"skipped":0,"pct":100}}
,"D:\\w_skill_opt\\Software_Engineering_W_Development_Model_Skills_Pack\\w-model-dev-demo\\src\\utils\\errors.ts": {"lines":{"total":51,"covered":51,"skipped":0,"pct":100},"functions":{"total":7,"covered":7,"skipped":0,"pct":100},"statements":{"total":51,"covered":51,"skipped":0,"pct":100},"branches":{"total":7,"covered":7,"skipped":0,"pct":100}}
,"D:\\w_skill_opt\\Software_Engineering_W_Development_Model_Skills_Pack\\w-model-dev-demo\\src\\utils\\jwt.ts": {"lines":{"total":35,"covered":35,"skipped":0,"pct":100},"functions":{"total":3,"covered":3,"skipped":0,"pct":100},"statements":{"total":35,"covered":35,"skipped":0,"pct":100},"branches":{"total":6,"covered":6,"skipped":0,"pct":100}}
,"D:\\w_skill_opt\\Software_Engineering_W_Development_Model_Skills_Pack\\w-model-dev-demo\\src\\utils\\password.ts": {"lines":{"total":30,"covered":26,"skipped":0,"pct":86.66},"functions":{"total":3,"covered":3,"skipped":0,"pct":100},"statements":{"total":30,"covered":26,"skipped":0,"pct":86.66},"branches":{"total":5,"covered":3,"skipped":0,"pct":60}}
}
