{"D:\\w_skill_opt\\Software_Engineering_W_Development_Model_Skills_Pack\\w-model-dev-demo\\src\\controllers\\ad.controller.ts": {"path":"D:\\w_skill_opt\\Software_Engineering_W_Development_Model_Skills_Pack\\w-model-dev-demo\\src\\controllers\\ad.controller.ts","all":false,"statementMap":{"0":{"start":{"line":1,"column":0},"end":{"line":1,"column":60}},"1":{"start":{"line":2,"column":0},"end":{"line":2,"column":0}},"2":{"start":{"line":3,"column":0},"end":{"line":3,"column":63}},"3":{"start":{"line":4,"column":0},"end":{"line":4,"column":59}},"4":{"start":{"line":5,"column":0},"end":{"line":5,"column":63}},"5":{"start":{"line":6,"column":0},"end":{"line":6,"column":0}},"6":{"start":{"line":7,"column":0},"end":{"line":7,"column":27}},"7":{"start":{"line":8,"column":0},"end":{"line":8,"column":14}},"8":{"start":{"line":9,"column":0},"end":{"line":9,"column":33}},"9":{"start":{"line":10,"column":0},"end":{"line":10,"column":37}},"10":{"start":{"line":11,"column":0},"end":{"line":11,"column":6}},"11":{"start":{"line":12,"column":0},"end":{"line":12,"column":0}},"12":{"start":{"line":13,"column":0},"end":{"line":13,"column":71}},"13":{"start":{"line":14,"column":0},"end":{"line":14,"column":9}},"14":{"start":{"line":15,"column":0},"end":{"line":15,"column":40}},"15":{"start":{"line":16,"column":0},"end":{"line":16,"column":82}},"16":{"start":{"line":17,"column":0},"end":{"line":17,"column":19}},"17":{"start":{"line":18,"column":0},"end":{"line":18,"column":16}},"18":{"start":{"line":19,"column":0},"end":{"line":19,"column":5}},"19":{"start":{"line":20,"column":0},"end":{"line":20,"column":4}},"20":{"start":{"line":21,"column":0},"end":{"line":21,"column":0}},"21":{"start":{"line":22,"column":0},"end":{"line":22,"column":70}},"22":{"start":{"line":23,"column":0},"end":{"line":23,"column":9}},"23":{"start":{"line":24,"column":0},"end":{"line":24,"column":40}},"24":{"start":{"line":25,"column":0},"end":{"line":25,"column":86}},"25":{"start":{"line":26,"column":0},"end":{"line":26,"column":29}},"26":{"start":{"line":27,"column":0},"end":{"line":27,"column":19}},"27":{"start":{"line":28,"column":0},"end":{"line":28,"column":16}},"28":{"start":{"line":29,"column":0},"end":{"line":29,"column":5}},"29":{"start":{"line":30,"column":0},"end":{"line":30,"column":4}},"30":{"start":{"line":31,"column":0},"end":{"line":31,"column":0}},"31":{"start":{"line":32,"column":0},"end":{"line":32,"column":76}},"32":{"start":{"line":33,"column":0},"end":{"line":33,"column":9}},"33":{"start":{"line":34,"column":0},"end":{"line":34,"column":51}},"34":{"start":{"line":35,"column":0},"end":{"line":35,"column":29}},"35":{"start":{"line":36,"column":0},"end":{"line":36,"column":19}},"36":{"start":{"line":37,"column":0},"end":{"line":37,"column":16}},"37":{"start":{"line":38,"column":0},"end":{"line":38,"column":5}},"38":{"start":{"line":39,"column":0},"end":{"line":39,"column":4}},"39":{"start":{"line":40,"column":0},"end":{"line":40,"column":0}},"40":{"start":{"line":41,"column":0},"end":{"line":41,"column":75}},"41":{"start":{"line":42,"column":0},"end":{"line":42,"column":9}},"42":{"start":{"line":43,"column":0},"end":{"line":43,"column":47}},"43":{"start":{"line":44,"column":0},"end":{"line":44,"column":56}},"44":{"start":{"line":45,"column":0},"end":{"line":45,"column":78}},"45":{"start":{"line":46,"column":0},"end":{"line":46,"column":19}},"46":{"start":{"line":47,"column":0},"end":{"line":47,"column":16}},"47":{"start":{"line":48,"column":0},"end":{"line":48,"column":5}},"48":{"start":{"line":49,"column":0},"end":{"line":49,"column":4}},"49":{"start":{"line":50,"column":0},"end":{"line":50,"column":0}},"50":{"start":{"line":51,"column":0},"end":{"line":51,"column":71}},"51":{"start":{"line":52,"column":0},"end":{"line":52,"column":51}},"52":{"start":{"line":53,"column":0},"end":{"line":53,"column":70}},"53":{"start":{"line":54,"column":0},"end":{"line":54,"column":47}},"54":{"start":{"line":55,"column":0},"end":{"line":55,"column":3}},"55":{"start":{"line":56,"column":0},"end":{"line":56,"column":1}}},"s":{"0":1,"1":1,"2":1,"3":1,"4":1,"5":1,"6":1,"7":5,"8":5,"9":5,"10":5,"11":5,"12":5,"13":1,"14":1,"15":1,"16":1,"17":0,"18":0,"19":1,"20":5,"21":5,"22":2,"23":2,"24":2,"25":2,"26":2,"27":1,"28":1,"29":2,"30":5,"31":5,"32":1,"33":1,"34":1,"35":1,"36":0,"37":0,"38":1,"39":5,"40":5,"41":1,"42":1,"43":1,"44":1,"45":1,"46":0,"47":0,"48":1,"49":5,"50":5,"51":3,"52":3,"53":3,"54":3,"55":5},"branchMap":{"0":{"type":"branch","line":7,"loc":{"start":{"line":7,"column":26},"end":{"line":56,"column":1}},"locations":[{"start":{"line":7,"column":26},"end":{"line":56,"column":1}}]},"1":{"type":"branch","line":8,"loc":{"start":{"line":8,"column":2},"end":{"line":11,"column":6}},"locations":[{"start":{"line":8,"column":2},"end":{"line":11,"column":6}}]},"2":{"type":"branch","line":13,"loc":{"start":{"line":13,"column":11},"end":{"line":20,"column":4}},"locations":[{"start":{"line":13,"column":11},"end":{"line":20,"column":4}}]},"3":{"type":"branch","line":17,"loc":{"start":{"line":17,"column":4},"end":{"line":19,"column":5}},"locations":[{"start":{"line":17,"column":4},"end":{"line":19,"column":5}}]},"4":{"type":"branch","line":22,"loc":{"start":{"line":22,"column":10},"end":{"line":30,"column":4}},"locations":[{"start":{"line":22,"column":10},"end":{"line":30,"column":4}}]},"5":{"type":"branch","line":27,"loc":{"start":{"line":27,"column":4},"end":{"line":29,"column":5}},"locations":[{"start":{"line":27,"column":4},"end":{"line":29,"column":5}}]},"6":{"type":"branch","line":32,"loc":{"start":{"line":32,"column":16},"end":{"line":39,"column":4}},"locations":[{"start":{"line":32,"column":16},"end":{"line":39,"column":4}}]},"7":{"type":"branch","line":36,"loc":{"start":{"line":36,"column":4},"end":{"line":38,"column":5}},"locations":[{"start":{"line":36,"column":4},"end":{"line":38,"column":5}}]},"8":{"type":"branch","line":41,"loc":{"start":{"line":41,"column":15},"end":{"line":49,"column":4}},"locations":[{"start":{"line":41,"column":15},"end":{"line":49,"column":4}}]},"9":{"type":"branch","line":43,"loc":{"start":{"line":43,"column":36},"end":{"line":43,"column":45}},"locations":[{"start":{"line":43,"column":36},"end":{"line":43,"column":45}}]},"10":{"type":"branch","line":44,"loc":{"start":{"line":44,"column":40},"end":{"line":44,"column":54}},"locations":[{"start":{"line":44,"column":40},"end":{"line":44,"column":54}}]},"11":{"type":"branch","line":46,"loc":{"start":{"line":46,"column":4},"end":{"line":48,"column":5}},"locations":[{"start":{"line":46,"column":4},"end":{"line":48,"column":5}}]},"12":{"type":"branch","line":51,"loc":{"start":{"line":51,"column":10},"end":{"line":55,"column":3}},"locations":[{"start":{"line":51,"column":10},"end":{"line":55,"column":3}}]},"13":{"type":"branch","line":52,"loc":{"start":{"line":52,"column":31},"end":{"line":52,"column":51}},"locations":[{"start":{"line":52,"column":31},"end":{"line":52,"column":51}}]},"14":{"type":"branch","line":53,"loc":{"start":{"line":53,"column":63},"end":{"line":53,"column":70}},"locations":[{"start":{"line":53,"column":63},"end":{"line":53,"column":70}}]}},"b":{"0":[5],"1":[5],"2":[1],"3":[0],"4":[2],"5":[1],"6":[1],"7":[0],"8":[1],"9":[0],"10":[0],"11":[0],"12":[3],"13":[0],"14":[0]},"fnMap":{"0":{"name":"<instance_members_initializer>","decl":{"start":{"line":7,"column":26},"end":{"line":56,"column":1}},"loc":{"start":{"line":7,"column":26},"end":{"line":56,"column":1}},"line":7},"1":{"name":"AdController","decl":{"start":{"line":8,"column":2},"end":{"line":11,"column":6}},"loc":{"start":{"line":8,"column":2},"end":{"line":11,"column":6}},"line":8},"2":{"name":"create","decl":{"start":{"line":13,"column":11},"end":{"line":20,"column":4}},"loc":{"start":{"line":13,"column":11},"end":{"line":20,"column":4}},"line":13},"3":{"name":"audit","decl":{"start":{"line":22,"column":10},"end":{"line":30,"column":4}},"loc":{"start":{"line":22,"column":10},"end":{"line":30,"column":4}},"line":22},"4":{"name":"recordClick","decl":{"start":{"line":32,"column":16},"end":{"line":39,"column":4}},"loc":{"start":{"line":32,"column":16},"end":{"line":39,"column":4}},"line":32},"5":{"name":"listBySlot","decl":{"start":{"line":41,"column":15},"end":{"line":49,"column":4}},"loc":{"start":{"line":41,"column":15},"end":{"line":49,"column":4}},"line":41},"6":{"name":"authContext","decl":{"start":{"line":51,"column":10},"end":{"line":55,"column":3}},"loc":{"start":{"line":51,"column":10},"end":{"line":55,"column":3}},"line":51}},"f":{"0":5,"1":5,"2":1,"3":2,"4":1,"5":1,"6":3}}
,"D:\\w_skill_opt\\Software_Engineering_W_Development_Model_Skills_Pack\\w-model-dev-demo\\src\\controllers\\article.controller.ts": {"path":"D:\\w_skill_opt\\Software_Engineering_W_Development_Model_Skills_Pack\\w-model-dev-demo\\src\\controllers\\article.controller.ts","all":false,"statementMap":{"0":{"start":{"line":1,"column":0},"end":{"line":1,"column":70}},"1":{"start":{"line":2,"column":0},"end":{"line":2,"column":0}},"2":{"start":{"line":3,"column":0},"end":{"line":3,"column":63}},"3":{"start":{"line":4,"column":0},"end":{"line":4,"column":69}},"4":{"start":{"line":5,"column":0},"end":{"line":5,"column":63}},"5":{"start":{"line":6,"column":0},"end":{"line":6,"column":44}},"6":{"start":{"line":7,"column":0},"end":{"line":7,"column":0}},"7":{"start":{"line":8,"column":0},"end":{"line":8,"column":32}},"8":{"start":{"line":9,"column":0},"end":{"line":9,"column":14}},"9":{"start":{"line":10,"column":0},"end":{"line":10,"column":43}},"10":{"start":{"line":11,"column":0},"end":{"line":11,"column":37}},"11":{"start":{"line":12,"column":0},"end":{"line":12,"column":6}},"12":{"start":{"line":13,"column":0},"end":{"line":13,"column":0}},"13":{"start":{"line":14,"column":0},"end":{"line":14,"column":71}},"14":{"start":{"line":15,"column":0},"end":{"line":15,"column":9}},"15":{"start":{"line":16,"column":0},"end":{"line":16,"column":40}},"16":{"start":{"line":17,"column":0},"end":{"line":17,"column":84}},"17":{"start":{"line":18,"column":0},"end":{"line":18,"column":19}},"18":{"start":{"line":19,"column":0},"end":{"line":19,"column":16}},"19":{"start":{"line":20,"column":0},"end":{"line":20,"column":5}},"20":{"start":{"line":21,"column":0},"end":{"line":21,"column":4}},"21":{"start":{"line":22,"column":0},"end":{"line":22,"column":0}},"22":{"start":{"line":23,"column":0},"end":{"line":23,"column":72}},"23":{"start":{"line":24,"column":0},"end":{"line":24,"column":9}},"24":{"start":{"line":25,"column":0},"end":{"line":25,"column":67}},"25":{"start":{"line":26,"column":0},"end":{"line":26,"column":19}},"26":{"start":{"line":27,"column":0},"end":{"line":27,"column":16}},"27":{"start":{"line":28,"column":0},"end":{"line":28,"column":5}},"28":{"start":{"line":29,"column":0},"end":{"line":29,"column":4}},"29":{"start":{"line":30,"column":0},"end":{"line":30,"column":0}},"30":{"start":{"line":31,"column":0},"end":{"line":31,"column":80}},"31":{"start":{"line":32,"column":0},"end":{"line":32,"column":9}},"32":{"start":{"line":33,"column":0},"end":{"line":33,"column":40}},"33":{"start":{"line":34,"column":0},"end":{"line":34,"column":77}},"34":{"start":{"line":35,"column":0},"end":{"line":35,"column":29}},"35":{"start":{"line":36,"column":0},"end":{"line":36,"column":19}},"36":{"start":{"line":37,"column":0},"end":{"line":37,"column":16}},"37":{"start":{"line":38,"column":0},"end":{"line":38,"column":5}},"38":{"start":{"line":39,"column":0},"end":{"line":39,"column":4}},"39":{"start":{"line":40,"column":0},"end":{"line":40,"column":0}},"40":{"start":{"line":41,"column":0},"end":{"line":41,"column":72}},"41":{"start":{"line":42,"column":0},"end":{"line":42,"column":9}},"42":{"start":{"line":43,"column":0},"end":{"line":43,"column":40}},"43":{"start":{"line":44,"column":0},"end":{"line":44,"column":76}},"44":{"start":{"line":45,"column":0},"end":{"line":45,"column":29}},"45":{"start":{"line":46,"column":0},"end":{"line":46,"column":19}},"46":{"start":{"line":47,"column":0},"end":{"line":47,"column":16}},"47":{"start":{"line":48,"column":0},"end":{"line":48,"column":5}},"48":{"start":{"line":49,"column":0},"end":{"line":49,"column":4}},"49":{"start":{"line":50,"column":0},"end":{"line":50,"column":0}},"50":{"start":{"line":51,"column":0},"end":{"line":51,"column":72}},"51":{"start":{"line":52,"column":0},"end":{"line":52,"column":9}},"52":{"start":{"line":53,"column":0},"end":{"line":53,"column":40}},"53":{"start":{"line":54,"column":0},"end":{"line":54,"column":86}},"54":{"start":{"line":55,"column":0},"end":{"line":55,"column":29}},"55":{"start":{"line":56,"column":0},"end":{"line":56,"column":19}},"56":{"start":{"line":57,"column":0},"end":{"line":57,"column":16}},"57":{"start":{"line":58,"column":0},"end":{"line":58,"column":5}},"58":{"start":{"line":59,"column":0},"end":{"line":59,"column":4}},"59":{"start":{"line":60,"column":0},"end":{"line":60,"column":0}},"60":{"start":{"line":61,"column":0},"end":{"line":61,"column":72}},"61":{"start":{"line":62,"column":0},"end":{"line":62,"column":9}},"62":{"start":{"line":63,"column":0},"end":{"line":63,"column":40}},"63":{"start":{"line":64,"column":0},"end":{"line":64,"column":86}},"64":{"start":{"line":65,"column":0},"end":{"line":65,"column":29}},"65":{"start":{"line":66,"column":0},"end":{"line":66,"column":19}},"66":{"start":{"line":67,"column":0},"end":{"line":67,"column":16}},"67":{"start":{"line":68,"column":0},"end":{"line":68,"column":5}},"68":{"start":{"line":69,"column":0},"end":{"line":69,"column":4}},"69":{"start":{"line":70,"column":0},"end":{"line":70,"column":0}},"70":{"start":{"line":71,"column":0},"end":{"line":71,"column":72}},"71":{"start":{"line":72,"column":0},"end":{"line":72,"column":9}},"72":{"start":{"line":73,"column":0},"end":{"line":73,"column":40}},"73":{"start":{"line":74,"column":0},"end":{"line":74,"column":86}},"74":{"start":{"line":75,"column":0},"end":{"line":75,"column":29}},"75":{"start":{"line":76,"column":0},"end":{"line":76,"column":19}},"76":{"start":{"line":77,"column":0},"end":{"line":77,"column":16}},"77":{"start":{"line":78,"column":0},"end":{"line":78,"column":5}},"78":{"start":{"line":79,"column":0},"end":{"line":79,"column":4}},"79":{"start":{"line":80,"column":0},"end":{"line":80,"column":0}},"80":{"start":{"line":81,"column":0},"end":{"line":81,"column":74}},"81":{"start":{"line":82,"column":0},"end":{"line":82,"column":9}},"82":{"start":{"line":83,"column":0},"end":{"line":83,"column":40}},"83":{"start":{"line":84,"column":0},"end":{"line":84,"column":88}},"84":{"start":{"line":85,"column":0},"end":{"line":85,"column":29}},"85":{"start":{"line":86,"column":0},"end":{"line":86,"column":19}},"86":{"start":{"line":87,"column":0},"end":{"line":87,"column":16}},"87":{"start":{"line":88,"column":0},"end":{"line":88,"column":5}},"88":{"start":{"line":89,"column":0},"end":{"line":89,"column":4}},"89":{"start":{"line":90,"column":0},"end":{"line":90,"column":0}},"90":{"start":{"line":91,"column":0},"end":{"line":91,"column":73}},"91":{"start":{"line":92,"column":0},"end":{"line":92,"column":9}},"92":{"start":{"line":93,"column":0},"end":{"line":93,"column":40}},"93":{"start":{"line":94,"column":0},"end":{"line":94,"column":102}},"94":{"start":{"line":95,"column":0},"end":{"line":95,"column":29}},"95":{"start":{"line":96,"column":0},"end":{"line":96,"column":19}},"96":{"start":{"line":97,"column":0},"end":{"line":97,"column":16}},"97":{"start":{"line":98,"column":0},"end":{"line":98,"column":5}},"98":{"start":{"line":99,"column":0},"end":{"line":99,"column":4}},"99":{"start":{"line":100,"column":0},"end":{"line":100,"column":0}},"100":{"start":{"line":101,"column":0},"end":{"line":101,"column":85}},"101":{"start":{"line":102,"column":0},"end":{"line":102,"column":9}},"102":{"start":{"line":103,"column":0},"end":{"line":103,"column":70}},"103":{"start":{"line":104,"column":0},"end":{"line":104,"column":29}},"104":{"start":{"line":105,"column":0},"end":{"line":105,"column":19}},"105":{"start":{"line":106,"column":0},"end":{"line":106,"column":16}},"106":{"start":{"line":107,"column":0},"end":{"line":107,"column":5}},"107":{"start":{"line":108,"column":0},"end":{"line":108,"column":4}},"108":{"start":{"line":109,"column":0},"end":{"line":109,"column":0}},"109":{"start":{"line":110,"column":0},"end":{"line":110,"column":77}},"110":{"start":{"line":111,"column":0},"end":{"line":111,"column":9}},"111":{"start":{"line":112,"column":0},"end":{"line":112,"column":40}},"112":{"start":{"line":113,"column":0},"end":{"line":113,"column":82}},"113":{"start":{"line":114,"column":0},"end":{"line":114,"column":29}},"114":{"start":{"line":115,"column":0},"end":{"line":115,"column":19}},"115":{"start":{"line":116,"column":0},"end":{"line":116,"column":16}},"116":{"start":{"line":117,"column":0},"end":{"line":117,"column":5}},"117":{"start":{"line":118,"column":0},"end":{"line":118,"column":4}},"118":{"start":{"line":119,"column":0},"end":{"line":119,"column":0}},"119":{"start":{"line":120,"column":0},"end":{"line":120,"column":77}},"120":{"start":{"line":121,"column":0},"end":{"line":121,"column":9}},"121":{"start":{"line":122,"column":0},"end":{"line":122,"column":47}},"122":{"start":{"line":123,"column":0},"end":{"line":123,"column":56}},"123":{"start":{"line":124,"column":0},"end":{"line":124,"column":87}},"124":{"start":{"line":125,"column":0},"end":{"line":125,"column":19}},"125":{"start":{"line":126,"column":0},"end":{"line":126,"column":16}},"126":{"start":{"line":127,"column":0},"end":{"line":127,"column":5}},"127":{"start":{"line":128,"column":0},"end":{"line":128,"column":4}},"128":{"start":{"line":129,"column":0},"end":{"line":129,"column":0}},"129":{"start":{"line":130,"column":0},"end":{"line":130,"column":75}},"130":{"start":{"line":131,"column":0},"end":{"line":131,"column":9}},"131":{"start":{"line":132,"column":0},"end":{"line":132,"column":40}},"132":{"start":{"line":133,"column":0},"end":{"line":133,"column":46}},"133":{"start":{"line":134,"column":0},"end":{"line":134,"column":76}},"134":{"start":{"line":135,"column":0},"end":{"line":135,"column":29}},"135":{"start":{"line":136,"column":0},"end":{"line":136,"column":19}},"136":{"start":{"line":137,"column":0},"end":{"line":137,"column":16}},"137":{"start":{"line":138,"column":0},"end":{"line":138,"column":5}},"138":{"start":{"line":139,"column":0},"end":{"line":139,"column":4}},"139":{"start":{"line":140,"column":0},"end":{"line":140,"column":0}},"140":{"start":{"line":141,"column":0},"end":{"line":141,"column":71}},"141":{"start":{"line":142,"column":0},"end":{"line":142,"column":51}},"142":{"start":{"line":143,"column":0},"end":{"line":143,"column":70}},"143":{"start":{"line":144,"column":0},"end":{"line":144,"column":47}},"144":{"start":{"line":145,"column":0},"end":{"line":145,"column":3}},"145":{"start":{"line":146,"column":0},"end":{"line":146,"column":1}}},"s":{"0":1,"1":1,"2":1,"3":1,"4":1,"5":1,"6":1,"7":1,"8":6,"9":6,"10":6,"11":6,"12":6,"13":6,"14":1,"15":1,"16":1,"17":1,"18":0,"19":0,"20":1,"21":6,"22":6,"23":2,"24":2,"25":2,"26":1,"27":1,"28":2,"29":6,"30":6,"31":1,"32":1,"33":1,"34":1,"35":1,"36":0,"37":0,"38":1,"39":6,"40":6,"41":1,"42":1,"43":1,"44":1,"45":1,"46":0,"47":0,"48":1,"49":6,"50":6,"51":1,"52":1,"53":1,"54":1,"55":1,"56":0,"57":0,"58":1,"59":6,"60":6,"61":1,"62":1,"63":1,"64":1,"65":1,"66":0,"67":0,"68":1,"69":6,"70":6,"71":1,"72":1,"73":1,"74":1,"75":1,"76":0,"77":0,"78":1,"79":6,"80":6,"81":1,"82":1,"83":1,"84":1,"85":1,"86":0,"87":0,"88":1,"89":6,"90":6,"91":1,"92":1,"93":1,"94":1,"95":1,"96":0,"97":0,"98":1,"99":6,"100":6,"101":1,"102":1,"103":1,"104":1,"105":0,"106":0,"107":1,"108":6,"109":6,"110":1,"111":1,"112":1,"113":1,"114":1,"115":0,"116":0,"117":1,"118":6,"119":6,"120":1,"121":1,"122":1,"123":1,"124":1,"125":0,"126":0,"127":1,"128":6,"129":6,"130":1,"131":1,"132":1,"133":1,"134":1,"135":1,"136":0,"137":0,"138":1,"139":6,"140":6,"141":10,"142":10,"143":10,"144":10,"145":6},"branchMap":{"0":{"type":"branch","line":8,"loc":{"start":{"line":8,"column":31},"end":{"line":146,"column":1}},"locations":[{"start":{"line":8,"column":31},"end":{"line":146,"column":1}}]},"1":{"type":"branch","line":9,"loc":{"start":{"line":9,"column":2},"end":{"line":12,"column":6}},"locations":[{"start":{"line":9,"column":2},"end":{"line":12,"column":6}}]},"2":{"type":"branch","line":14,"loc":{"start":{"line":14,"column":11},"end":{"line":21,"column":4}},"locations":[{"start":{"line":14,"column":11},"end":{"line":21,"column":4}}]},"3":{"type":"branch","line":18,"loc":{"start":{"line":18,"column":4},"end":{"line":20,"column":5}},"locations":[{"start":{"line":18,"column":4},"end":{"line":20,"column":5}}]},"4":{"type":"branch","line":23,"loc":{"start":{"line":23,"column":12},"end":{"line":29,"column":4}},"locations":[{"start":{"line":23,"column":12},"end":{"line":29,"column":4}}]},"5":{"type":"branch","line":26,"loc":{"start":{"line":26,"column":4},"end":{"line":28,"column":5}},"locations":[{"start":{"line":26,"column":4},"end":{"line":28,"column":5}}]},"6":{"type":"branch","line":31,"loc":{"start":{"line":31,"column":20},"end":{"line":39,"column":4}},"locations":[{"start":{"line":31,"column":20},"end":{"line":39,"column":4}}]},"7":{"type":"branch","line":36,"loc":{"start":{"line":36,"column":4},"end":{"line":38,"column":5}},"locations":[{"start":{"line":36,"column":4},"end":{"line":38,"column":5}}]},"8":{"type":"branch","line":41,"loc":{"start":{"line":41,"column":12},"end":{"line":49,"column":4}},"locations":[{"start":{"line":41,"column":12},"end":{"line":49,"column":4}}]},"9":{"type":"branch","line":46,"loc":{"start":{"line":46,"column":4},"end":{"line":48,"column":5}},"locations":[{"start":{"line":46,"column":4},"end":{"line":48,"column":5}}]},"10":{"type":"branch","line":51,"loc":{"start":{"line":51,"column":12},"end":{"line":59,"column":4}},"locations":[{"start":{"line":51,"column":12},"end":{"line":59,"column":4}}]},"11":{"type":"branch","line":56,"loc":{"start":{"line":56,"column":4},"end":{"line":58,"column":5}},"locations":[{"start":{"line":56,"column":4},"end":{"line":58,"column":5}}]},"12":{"type":"branch","line":61,"loc":{"start":{"line":61,"column":12},"end":{"line":69,"column":4}},"locations":[{"start":{"line":61,"column":12},"end":{"line":69,"column":4}}]},"13":{"type":"branch","line":66,"loc":{"start":{"line":66,"column":4},"end":{"line":68,"column":5}},"locations":[{"start":{"line":66,"column":4},"end":{"line":68,"column":5}}]},"14":{"type":"branch","line":71,"loc":{"start":{"line":71,"column":12},"end":{"line":79,"column":4}},"locations":[{"start":{"line":71,"column":12},"end":{"line":79,"column":4}}]},"15":{"type":"branch","line":76,"loc":{"start":{"line":76,"column":4},"end":{"line":78,"column":5}},"locations":[{"start":{"line":76,"column":4},"end":{"line":78,"column":5}}]},"16":{"type":"branch","line":81,"loc":{"start":{"line":81,"column":14},"end":{"line":89,"column":4}},"locations":[{"start":{"line":81,"column":14},"end":{"line":89,"column":4}}]},"17":{"type":"branch","line":86,"loc":{"start":{"line":86,"column":4},"end":{"line":88,"column":5}},"locations":[{"start":{"line":86,"column":4},"end":{"line":88,"column":5}}]},"18":{"type":"branch","line":91,"loc":{"start":{"line":91,"column":13},"end":{"line":99,"column":4}},"locations":[{"start":{"line":91,"column":13},"end":{"line":99,"column":4}}]},"19":{"type":"branch","line":96,"loc":{"start":{"line":96,"column":4},"end":{"line":98,"column":5}},"locations":[{"start":{"line":96,"column":4},"end":{"line":98,"column":5}}]},"20":{"type":"branch","line":101,"loc":{"start":{"line":101,"column":25},"end":{"line":108,"column":4}},"locations":[{"start":{"line":101,"column":25},"end":{"line":108,"column":4}}]},"21":{"type":"branch","line":105,"loc":{"start":{"line":105,"column":4},"end":{"line":107,"column":5}},"locations":[{"start":{"line":105,"column":4},"end":{"line":107,"column":5}}]},"22":{"type":"branch","line":110,"loc":{"start":{"line":110,"column":17},"end":{"line":118,"column":4}},"locations":[{"start":{"line":110,"column":17},"end":{"line":118,"column":4}}]},"23":{"type":"branch","line":115,"loc":{"start":{"line":115,"column":4},"end":{"line":117,"column":5}},"locations":[{"start":{"line":115,"column":4},"end":{"line":117,"column":5}}]},"24":{"type":"branch","line":120,"loc":{"start":{"line":120,"column":17},"end":{"line":128,"column":4}},"locations":[{"start":{"line":120,"column":17},"end":{"line":128,"column":4}}]},"25":{"type":"branch","line":122,"loc":{"start":{"line":122,"column":36},"end":{"line":122,"column":45}},"locations":[{"start":{"line":122,"column":36},"end":{"line":122,"column":45}}]},"26":{"type":"branch","line":123,"loc":{"start":{"line":123,"column":40},"end":{"line":123,"column":54}},"locations":[{"start":{"line":123,"column":40},"end":{"line":123,"column":54}}]},"27":{"type":"branch","line":125,"loc":{"start":{"line":125,"column":4},"end":{"line":127,"column":5}},"locations":[{"start":{"line":125,"column":4},"end":{"line":127,"column":5}}]},"28":{"type":"branch","line":130,"loc":{"start":{"line":130,"column":15},"end":{"line":139,"column":4}},"locations":[{"start":{"line":130,"column":15},"end":{"line":139,"column":4}}]},"29":{"type":"branch","line":136,"loc":{"start":{"line":136,"column":4},"end":{"line":138,"column":5}},"locations":[{"start":{"line":136,"column":4},"end":{"line":138,"column":5}}]},"30":{"type":"branch","line":141,"loc":{"start":{"line":141,"column":10},"end":{"line":145,"column":3}},"locations":[{"start":{"line":141,"column":10},"end":{"line":145,"column":3}}]},"31":{"type":"branch","line":142,"loc":{"start":{"line":142,"column":31},"end":{"line":142,"column":51}},"locations":[{"start":{"line":142,"column":31},"end":{"line":142,"column":51}}]},"32":{"type":"branch","line":143,"loc":{"start":{"line":143,"column":63},"end":{"line":143,"column":70}},"locations":[{"start":{"line":143,"column":63},"end":{"line":143,"column":70}}]}},"b":{"0":[6],"1":[6],"2":[1],"3":[0],"4":[2],"5":[1],"6":[1],"7":[0],"8":[1],"9":[0],"10":[1],"11":[0],"12":[1],"13":[0],"14":[1],"15":[0],"16":[1],"17":[0],"18":[1],"19":[0],"20":[1],"21":[0],"22":[1],"23":[0],"24":[1],"25":[0],"26":[0],"27":[0],"28":[1],"29":[0],"30":[10],"31":[0],"32":[0]},"fnMap":{"0":{"name":"<instance_members_initializer>","decl":{"start":{"line":8,"column":31},"end":{"line":146,"column":1}},"loc":{"start":{"line":8,"column":31},"end":{"line":146,"column":1}},"line":8},"1":{"name":"ArticleController","decl":{"start":{"line":9,"column":2},"end":{"line":12,"column":6}},"loc":{"start":{"line":9,"column":2},"end":{"line":12,"column":6}},"line":9},"2":{"name":"create","decl":{"start":{"line":14,"column":11},"end":{"line":21,"column":4}},"loc":{"start":{"line":14,"column":11},"end":{"line":21,"column":4}},"line":14},"3":{"name":"getById","decl":{"start":{"line":23,"column":12},"end":{"line":29,"column":4}},"loc":{"start":{"line":23,"column":12},"end":{"line":29,"column":4}},"line":23},"4":{"name":"submitForReview","decl":{"start":{"line":31,"column":20},"end":{"line":39,"column":4}},"loc":{"start":{"line":31,"column":20},"end":{"line":39,"column":4}},"line":31},"5":{"name":"publish","decl":{"start":{"line":41,"column":12},"end":{"line":49,"column":4}},"loc":{"start":{"line":41,"column":12},"end":{"line":49,"column":4}},"line":41},"6":{"name":"approve","decl":{"start":{"line":51,"column":12},"end":{"line":59,"column":4}},"loc":{"start":{"line":51,"column":12},"end":{"line":59,"column":4}},"line":51},"7":{"name":"offline","decl":{"start":{"line":61,"column":12},"end":{"line":69,"column":4}},"loc":{"start":{"line":61,"column":12},"end":{"line":69,"column":4}},"line":61},"8":{"name":"archive","decl":{"start":{"line":71,"column":12},"end":{"line":79,"column":4}},"loc":{"start":{"line":71,"column":12},"end":{"line":79,"column":4}},"line":71},"9":{"name":"republish","decl":{"start":{"line":81,"column":14},"end":{"line":89,"column":4}},"loc":{"start":{"line":81,"column":14},"end":{"line":89,"column":4}},"line":81},"10":{"name":"schedule","decl":{"start":{"line":91,"column":13},"end":{"line":99,"column":4}},"loc":{"start":{"line":91,"column":13},"end":{"line":99,"column":4}},"line":91},"11":{"name":"fireScheduledPublish","decl":{"start":{"line":101,"column":25},"end":{"line":108,"column":4}},"loc":{"start":{"line":101,"column":25},"end":{"line":108,"column":4}},"line":101},"12":{"name":"batchOffline","decl":{"start":{"line":110,"column":17},"end":{"line":118,"column":4}},"loc":{"start":{"line":110,"column":17},"end":{"line":118,"column":4}},"line":110},"13":{"name":"listByAuthor","decl":{"start":{"line":120,"column":17},"end":{"line":128,"column":4}},"loc":{"start":{"line":120,"column":17},"end":{"line":128,"column":4}},"line":120},"14":{"name":"transition","decl":{"start":{"line":130,"column":15},"end":{"line":139,"column":4}},"loc":{"start":{"line":130,"column":15},"end":{"line":139,"column":4}},"line":130},"15":{"name":"authContext","decl":{"start":{"line":141,"column":10},"end":{"line":145,"column":3}},"loc":{"start":{"line":141,"column":10},"end":{"line":145,"column":3}},"line":141}},"f":{"0":6,"1":6,"2":1,"3":2,"4":1,"5":1,"6":1,"7":1,"8":1,"9":1,"10":1,"11":1,"12":1,"13":1,"14":1,"15":10}}
,"D:\\w_skill_opt\\Software_Engineering_W_Development_Model_Skills_Pack\\w-model-dev-demo\\src\\controllers\\backup.controller.ts": {"path":"D:\\w_skill_opt\\Software_Engineering_W_Development_Model_Skills_Pack\\w-model-dev-demo\\src\\controllers\\backup.controller.ts","all":false,"statementMap":{"0":{"start":{"line":1,"column":0},"end":{"line":1,"column":68}},"1":{"start":{"line":2,"column":0},"end":{"line":2,"column":0}},"2":{"start":{"line":3,"column":0},"end":{"line":3,"column":63}},"3":{"start":{"line":4,"column":0},"end":{"line":4,"column":67}},"4":{"start":{"line":5,"column":0},"end":{"line":5,"column":63}},"5":{"start":{"line":6,"column":0},"end":{"line":6,"column":41}},"6":{"start":{"line":7,"column":0},"end":{"line":7,"column":0}},"7":{"start":{"line":8,"column":0},"end":{"line":8,"column":31}},"8":{"start":{"line":9,"column":0},"end":{"line":9,"column":14}},"9":{"start":{"line":10,"column":0},"end":{"line":10,"column":41}},"10":{"start":{"line":11,"column":0},"end":{"line":11,"column":37}},"11":{"start":{"line":12,"column":0},"end":{"line":12,"column":6}},"12":{"start":{"line":13,"column":0},"end":{"line":13,"column":0}},"13":{"start":{"line":14,"column":0},"end":{"line":14,"column":71}},"14":{"start":{"line":15,"column":0},"end":{"line":15,"column":9}},"15":{"start":{"line":16,"column":0},"end":{"line":16,"column":40}},"16":{"start":{"line":17,"column":0},"end":{"line":17,"column":47}},"17":{"start":{"line":18,"column":0},"end":{"line":18,"column":68}},"18":{"start":{"line":19,"column":0},"end":{"line":19,"column":97}},"19":{"start":{"line":20,"column":0},"end":{"line":20,"column":19}},"20":{"start":{"line":21,"column":0},"end":{"line":21,"column":16}},"21":{"start":{"line":22,"column":0},"end":{"line":22,"column":5}},"22":{"start":{"line":23,"column":0},"end":{"line":23,"column":4}},"23":{"start":{"line":24,"column":0},"end":{"line":24,"column":0}},"24":{"start":{"line":25,"column":0},"end":{"line":25,"column":79}},"25":{"start":{"line":26,"column":0},"end":{"line":26,"column":9}},"26":{"start":{"line":27,"column":0},"end":{"line":27,"column":40}},"27":{"start":{"line":28,"column":0},"end":{"line":28,"column":89}},"28":{"start":{"line":29,"column":0},"end":{"line":29,"column":73}},"29":{"start":{"line":30,"column":0},"end":{"line":30,"column":19}},"30":{"start":{"line":31,"column":0},"end":{"line":31,"column":16}},"31":{"start":{"line":32,"column":0},"end":{"line":32,"column":5}},"32":{"start":{"line":33,"column":0},"end":{"line":33,"column":4}},"33":{"start":{"line":34,"column":0},"end":{"line":34,"column":0}},"34":{"start":{"line":35,"column":0},"end":{"line":35,"column":72}},"35":{"start":{"line":36,"column":0},"end":{"line":36,"column":9}},"36":{"start":{"line":37,"column":0},"end":{"line":37,"column":40}},"37":{"start":{"line":38,"column":0},"end":{"line":38,"column":77}},"38":{"start":{"line":39,"column":0},"end":{"line":39,"column":29}},"39":{"start":{"line":40,"column":0},"end":{"line":40,"column":19}},"40":{"start":{"line":41,"column":0},"end":{"line":41,"column":16}},"41":{"start":{"line":42,"column":0},"end":{"line":42,"column":5}},"42":{"start":{"line":43,"column":0},"end":{"line":43,"column":4}},"43":{"start":{"line":44,"column":0},"end":{"line":44,"column":0}},"44":{"start":{"line":45,"column":0},"end":{"line":45,"column":76}},"45":{"start":{"line":46,"column":0},"end":{"line":46,"column":9}},"46":{"start":{"line":47,"column":0},"end":{"line":47,"column":40}},"47":{"start":{"line":48,"column":0},"end":{"line":48,"column":56}},"48":{"start":{"line":49,"column":0},"end":{"line":49,"column":81}},"49":{"start":{"line":50,"column":0},"end":{"line":50,"column":73}},"50":{"start":{"line":51,"column":0},"end":{"line":51,"column":19}},"51":{"start":{"line":52,"column":0},"end":{"line":52,"column":16}},"52":{"start":{"line":53,"column":0},"end":{"line":53,"column":5}},"53":{"start":{"line":54,"column":0},"end":{"line":54,"column":4}},"54":{"start":{"line":55,"column":0},"end":{"line":55,"column":0}},"55":{"start":{"line":56,"column":0},"end":{"line":56,"column":80}},"56":{"start":{"line":57,"column":0},"end":{"line":57,"column":9}},"57":{"start":{"line":58,"column":0},"end":{"line":58,"column":84}},"58":{"start":{"line":59,"column":0},"end":{"line":59,"column":19}},"59":{"start":{"line":60,"column":0},"end":{"line":60,"column":16}},"60":{"start":{"line":61,"column":0},"end":{"line":61,"column":5}},"61":{"start":{"line":62,"column":0},"end":{"line":62,"column":4}},"62":{"start":{"line":63,"column":0},"end":{"line":63,"column":0}},"63":{"start":{"line":64,"column":0},"end":{"line":64,"column":71}},"64":{"start":{"line":65,"column":0},"end":{"line":65,"column":51}},"65":{"start":{"line":66,"column":0},"end":{"line":66,"column":70}},"66":{"start":{"line":67,"column":0},"end":{"line":67,"column":47}},"67":{"start":{"line":68,"column":0},"end":{"line":68,"column":3}},"68":{"start":{"line":69,"column":0},"end":{"line":69,"column":1}}},"s":{"0":1,"1":1,"2":1,"3":1,"4":1,"5":1,"6":1,"7":1,"8":6,"9":6,"10":6,"11":6,"12":6,"13":6,"14":1,"15":1,"16":1,"17":1,"18":1,"19":1,"20":0,"21":0,"22":1,"23":6,"24":6,"25":1,"26":1,"27":1,"28":1,"29":1,"30":0,"31":0,"32":1,"33":6,"34":6,"35":2,"36":2,"37":2,"38":2,"39":2,"40":1,"41":1,"42":2,"43":6,"44":6,"45":1,"46":1,"47":1,"48":1,"49":1,"50":1,"51":0,"52":0,"53":1,"54":6,"55":6,"56":1,"57":1,"58":1,"59":0,"60":0,"61":1,"62":6,"63":6,"64":5,"65":5,"66":5,"67":5,"68":6},"branchMap":{"0":{"type":"branch","line":8,"loc":{"start":{"line":8,"column":30},"end":{"line":69,"column":1}},"locations":[{"start":{"line":8,"column":30},"end":{"line":69,"column":1}}]},"1":{"type":"branch","line":9,"loc":{"start":{"line":9,"column":2},"end":{"line":12,"column":6}},"locations":[{"start":{"line":9,"column":2},"end":{"line":12,"column":6}}]},"2":{"type":"branch","line":14,"loc":{"start":{"line":14,"column":11},"end":{"line":23,"column":4}},"locations":[{"start":{"line":14,"column":11},"end":{"line":23,"column":4}}]},"3":{"type":"branch","line":18,"loc":{"start":{"line":18,"column":43},"end":{"line":18,"column":58}},"locations":[{"start":{"line":18,"column":43},"end":{"line":18,"column":58}}]},"4":{"type":"branch","line":20,"loc":{"start":{"line":20,"column":4},"end":{"line":22,"column":5}},"locations":[{"start":{"line":20,"column":4},"end":{"line":22,"column":5}}]},"5":{"type":"branch","line":25,"loc":{"start":{"line":25,"column":19},"end":{"line":33,"column":4}},"locations":[{"start":{"line":25,"column":19},"end":{"line":33,"column":4}}]},"6":{"type":"branch","line":28,"loc":{"start":{"line":28,"column":66},"end":{"line":28,"column":87}},"locations":[{"start":{"line":28,"column":66},"end":{"line":28,"column":87}}]},"7":{"type":"branch","line":30,"loc":{"start":{"line":30,"column":4},"end":{"line":32,"column":5}},"locations":[{"start":{"line":30,"column":4},"end":{"line":32,"column":5}}]},"8":{"type":"branch","line":35,"loc":{"start":{"line":35,"column":12},"end":{"line":43,"column":4}},"locations":[{"start":{"line":35,"column":12},"end":{"line":43,"column":4}}]},"9":{"type":"branch","line":40,"loc":{"start":{"line":40,"column":4},"end":{"line":42,"column":5}},"locations":[{"start":{"line":40,"column":4},"end":{"line":42,"column":5}}]},"10":{"type":"branch","line":45,"loc":{"start":{"line":45,"column":16},"end":{"line":54,"column":4}},"locations":[{"start":{"line":45,"column":16},"end":{"line":54,"column":4}}]},"11":{"type":"branch","line":51,"loc":{"start":{"line":51,"column":4},"end":{"line":53,"column":5}},"locations":[{"start":{"line":51,"column":4},"end":{"line":53,"column":5}}]},"12":{"type":"branch","line":56,"loc":{"start":{"line":56,"column":20},"end":{"line":62,"column":4}},"locations":[{"start":{"line":56,"column":20},"end":{"line":62,"column":4}}]},"13":{"type":"branch","line":59,"loc":{"start":{"line":59,"column":4},"end":{"line":61,"column":5}},"locations":[{"start":{"line":59,"column":4},"end":{"line":61,"column":5}}]},"14":{"type":"branch","line":64,"loc":{"start":{"line":64,"column":10},"end":{"line":68,"column":3}},"locations":[{"start":{"line":64,"column":10},"end":{"line":68,"column":3}}]},"15":{"type":"branch","line":65,"loc":{"start":{"line":65,"column":31},"end":{"line":65,"column":51}},"locations":[{"start":{"line":65,"column":31},"end":{"line":65,"column":51}}]},"16":{"type":"branch","line":66,"loc":{"start":{"line":66,"column":63},"end":{"line":66,"column":70}},"locations":[{"start":{"line":66,"column":63},"end":{"line":66,"column":70}}]}},"b":{"0":[6],"1":[6],"2":[1],"3":[0],"4":[0],"5":[1],"6":[0],"7":[0],"8":[2],"9":[1],"10":[1],"11":[0],"12":[1],"13":[0],"14":[5],"15":[0],"16":[0]},"fnMap":{"0":{"name":"<instance_members_initializer>","decl":{"start":{"line":8,"column":30},"end":{"line":69,"column":1}},"loc":{"start":{"line":8,"column":30},"end":{"line":69,"column":1}},"line":8},"1":{"name":"BackupController","decl":{"start":{"line":9,"column":2},"end":{"line":12,"column":6}},"loc":{"start":{"line":9,"column":2},"end":{"line":12,"column":6}},"line":9},"2":{"name":"create","decl":{"start":{"line":14,"column":11},"end":{"line":23,"column":4}},"loc":{"start":{"line":14,"column":11},"end":{"line":23,"column":4}},"line":14},"3":{"name":"exportUserData","decl":{"start":{"line":25,"column":19},"end":{"line":33,"column":4}},"loc":{"start":{"line":25,"column":19},"end":{"line":33,"column":4}},"line":25},"4":{"name":"restore","decl":{"start":{"line":35,"column":12},"end":{"line":43,"column":4}},"loc":{"start":{"line":35,"column":12},"end":{"line":43,"column":4}},"line":35},"5":{"name":"incremental","decl":{"start":{"line":45,"column":16},"end":{"line":54,"column":4}},"loc":{"start":{"line":45,"column":16},"end":{"line":54,"column":4}},"line":45},"6":{"name":"verifyIntegrity","decl":{"start":{"line":56,"column":20},"end":{"line":62,"column":4}},"loc":{"start":{"line":56,"column":20},"end":{"line":62,"column":4}},"line":56},"7":{"name":"authContext","decl":{"start":{"line":64,"column":10},"end":{"line":68,"column":3}},"loc":{"start":{"line":64,"column":10},"end":{"line":68,"column":3}},"line":64}},"f":{"0":6,"1":6,"2":1,"3":1,"4":2,"5":1,"6":1,"7":5}}
,"D:\\w_skill_opt\\Software_Engineering_W_Development_Model_Skills_Pack\\w-model-dev-demo\\src\\controllers\\blogger.controller.ts": {"path":"D:\\w_skill_opt\\Software_Engineering_W_Development_Model_Skills_Pack\\w-model-dev-demo\\src\\controllers\\blogger.controller.ts","all":false,"statementMap":{"0":{"start":{"line":1,"column":0},"end":{"line":1,"column":70}},"1":{"start":{"line":2,"column":0},"end":{"line":2,"column":0}},"2":{"start":{"line":3,"column":0},"end":{"line":3,"column":63}},"3":{"start":{"line":4,"column":0},"end":{"line":4,"column":69}},"4":{"start":{"line":5,"column":0},"end":{"line":5,"column":63}},"5":{"start":{"line":6,"column":0},"end":{"line":6,"column":0}},"6":{"start":{"line":7,"column":0},"end":{"line":7,"column":32}},"7":{"start":{"line":8,"column":0},"end":{"line":8,"column":14}},"8":{"start":{"line":9,"column":0},"end":{"line":9,"column":43}},"9":{"start":{"line":10,"column":0},"end":{"line":10,"column":37}},"10":{"start":{"line":11,"column":0},"end":{"line":11,"column":6}},"11":{"start":{"line":12,"column":0},"end":{"line":12,"column":0}},"12":{"start":{"line":13,"column":0},"end":{"line":13,"column":73}},"13":{"start":{"line":14,"column":0},"end":{"line":14,"column":9}},"14":{"start":{"line":15,"column":0},"end":{"line":15,"column":40}},"15":{"start":{"line":16,"column":0},"end":{"line":16,"column":98}},"16":{"start":{"line":17,"column":0},"end":{"line":17,"column":19}},"17":{"start":{"line":18,"column":0},"end":{"line":18,"column":16}},"18":{"start":{"line":19,"column":0},"end":{"line":19,"column":5}},"19":{"start":{"line":20,"column":0},"end":{"line":20,"column":4}},"20":{"start":{"line":21,"column":0},"end":{"line":21,"column":0}},"21":{"start":{"line":22,"column":0},"end":{"line":22,"column":74}},"22":{"start":{"line":23,"column":0},"end":{"line":23,"column":9}},"23":{"start":{"line":24,"column":0},"end":{"line":24,"column":64}},"24":{"start":{"line":25,"column":0},"end":{"line":25,"column":19}},"25":{"start":{"line":26,"column":0},"end":{"line":26,"column":16}},"26":{"start":{"line":27,"column":0},"end":{"line":27,"column":5}},"27":{"start":{"line":28,"column":0},"end":{"line":28,"column":4}},"28":{"start":{"line":29,"column":0},"end":{"line":29,"column":0}},"29":{"start":{"line":30,"column":0},"end":{"line":30,"column":71}},"30":{"start":{"line":31,"column":0},"end":{"line":31,"column":9}},"31":{"start":{"line":32,"column":0},"end":{"line":32,"column":40}},"32":{"start":{"line":33,"column":0},"end":{"line":33,"column":68}},"33":{"start":{"line":34,"column":0},"end":{"line":34,"column":29}},"34":{"start":{"line":35,"column":0},"end":{"line":35,"column":19}},"35":{"start":{"line":36,"column":0},"end":{"line":36,"column":16}},"36":{"start":{"line":37,"column":0},"end":{"line":37,"column":5}},"37":{"start":{"line":38,"column":0},"end":{"line":38,"column":4}},"38":{"start":{"line":39,"column":0},"end":{"line":39,"column":0}},"39":{"start":{"line":40,"column":0},"end":{"line":40,"column":73}},"40":{"start":{"line":41,"column":0},"end":{"line":41,"column":9}},"41":{"start":{"line":42,"column":0},"end":{"line":42,"column":40}},"42":{"start":{"line":43,"column":0},"end":{"line":43,"column":70}},"43":{"start":{"line":44,"column":0},"end":{"line":44,"column":29}},"44":{"start":{"line":45,"column":0},"end":{"line":45,"column":19}},"45":{"start":{"line":46,"column":0},"end":{"line":46,"column":16}},"46":{"start":{"line":47,"column":0},"end":{"line":47,"column":5}},"47":{"start":{"line":48,"column":0},"end":{"line":48,"column":4}},"48":{"start":{"line":49,"column":0},"end":{"line":49,"column":0}},"49":{"start":{"line":50,"column":0},"end":{"line":50,"column":79}},"50":{"start":{"line":51,"column":0},"end":{"line":51,"column":9}},"51":{"start":{"line":52,"column":0},"end":{"line":52,"column":40}},"52":{"start":{"line":53,"column":0},"end":{"line":53,"column":47}},"53":{"start":{"line":54,"column":0},"end":{"line":54,"column":56}},"54":{"start":{"line":55,"column":0},"end":{"line":55,"column":79}},"55":{"start":{"line":56,"column":0},"end":{"line":56,"column":19}},"56":{"start":{"line":57,"column":0},"end":{"line":57,"column":16}},"57":{"start":{"line":58,"column":0},"end":{"line":58,"column":5}},"58":{"start":{"line":59,"column":0},"end":{"line":59,"column":4}},"59":{"start":{"line":60,"column":0},"end":{"line":60,"column":0}},"60":{"start":{"line":61,"column":0},"end":{"line":61,"column":71}},"61":{"start":{"line":62,"column":0},"end":{"line":62,"column":51}},"62":{"start":{"line":63,"column":0},"end":{"line":63,"column":70}},"63":{"start":{"line":64,"column":0},"end":{"line":64,"column":47}},"64":{"start":{"line":65,"column":0},"end":{"line":65,"column":3}},"65":{"start":{"line":66,"column":0},"end":{"line":66,"column":1}}},"s":{"0":1,"1":1,"2":1,"3":1,"4":1,"5":1,"6":1,"7":5,"8":5,"9":5,"10":5,"11":5,"12":5,"13":2,"14":2,"15":2,"16":2,"17":1,"18":1,"19":2,"20":5,"21":5,"22":1,"23":1,"24":1,"25":0,"26":0,"27":1,"28":5,"29":5,"30":1,"31":1,"32":1,"33":1,"34":1,"35":0,"36":0,"37":1,"38":5,"39":5,"40":1,"41":1,"42":1,"43":1,"44":1,"45":0,"46":0,"47":1,"48":5,"49":5,"50":1,"51":1,"52":1,"53":1,"54":1,"55":1,"56":0,"57":0,"58":1,"59":5,"60":5,"61":5,"62":5,"63":5,"64":5,"65":5},"branchMap":{"0":{"type":"branch","line":7,"loc":{"start":{"line":7,"column":31},"end":{"line":66,"column":1}},"locations":[{"start":{"line":7,"column":31},"end":{"line":66,"column":1}}]},"1":{"type":"branch","line":8,"loc":{"start":{"line":8,"column":2},"end":{"line":11,"column":6}},"locations":[{"start":{"line":8,"column":2},"end":{"line":11,"column":6}}]},"2":{"type":"branch","line":13,"loc":{"start":{"line":13,"column":13},"end":{"line":20,"column":4}},"locations":[{"start":{"line":13,"column":13},"end":{"line":20,"column":4}}]},"3":{"type":"branch","line":17,"loc":{"start":{"line":17,"column":4},"end":{"line":19,"column":5}},"locations":[{"start":{"line":17,"column":4},"end":{"line":19,"column":5}}]},"4":{"type":"branch","line":22,"loc":{"start":{"line":22,"column":14},"end":{"line":28,"column":4}},"locations":[{"start":{"line":22,"column":14},"end":{"line":28,"column":4}}]},"5":{"type":"branch","line":25,"loc":{"start":{"line":25,"column":4},"end":{"line":27,"column":5}},"locations":[{"start":{"line":25,"column":4},"end":{"line":27,"column":5}}]},"6":{"type":"branch","line":30,"loc":{"start":{"line":30,"column":11},"end":{"line":38,"column":4}},"locations":[{"start":{"line":30,"column":11},"end":{"line":38,"column":4}}]},"7":{"type":"branch","line":35,"loc":{"start":{"line":35,"column":4},"end":{"line":37,"column":5}},"locations":[{"start":{"line":35,"column":4},"end":{"line":37,"column":5}}]},"8":{"type":"branch","line":40,"loc":{"start":{"line":40,"column":13},"end":{"line":48,"column":4}},"locations":[{"start":{"line":40,"column":13},"end":{"line":48,"column":4}}]},"9":{"type":"branch","line":45,"loc":{"start":{"line":45,"column":4},"end":{"line":47,"column":5}},"locations":[{"start":{"line":45,"column":4},"end":{"line":47,"column":5}}]},"10":{"type":"branch","line":50,"loc":{"start":{"line":50,"column":19},"end":{"line":59,"column":4}},"locations":[{"start":{"line":50,"column":19},"end":{"line":59,"column":4}}]},"11":{"type":"branch","line":53,"loc":{"start":{"line":53,"column":36},"end":{"line":53,"column":45}},"locations":[{"start":{"line":53,"column":36},"end":{"line":53,"column":45}}]},"12":{"type":"branch","line":54,"loc":{"start":{"line":54,"column":40},"end":{"line":54,"column":54}},"locations":[{"start":{"line":54,"column":40},"end":{"line":54,"column":54}}]},"13":{"type":"branch","line":56,"loc":{"start":{"line":56,"column":4},"end":{"line":58,"column":5}},"locations":[{"start":{"line":56,"column":4},"end":{"line":58,"column":5}}]},"14":{"type":"branch","line":61,"loc":{"start":{"line":61,"column":10},"end":{"line":65,"column":3}},"locations":[{"start":{"line":61,"column":10},"end":{"line":65,"column":3}}]},"15":{"type":"branch","line":62,"loc":{"start":{"line":62,"column":31},"end":{"line":62,"column":51}},"locations":[{"start":{"line":62,"column":31},"end":{"line":62,"column":51}}]},"16":{"type":"branch","line":63,"loc":{"start":{"line":63,"column":63},"end":{"line":63,"column":70}},"locations":[{"start":{"line":63,"column":63},"end":{"line":63,"column":70}}]}},"b":{"0":[5],"1":[5],"2":[2],"3":[1],"4":[1],"5":[0],"6":[1],"7":[0],"8":[1],"9":[0],"10":[1],"11":[0],"12":[0],"13":[0],"14":[5],"15":[0],"16":[0]},"fnMap":{"0":{"name":"<instance_members_initializer>","decl":{"start":{"line":7,"column":31},"end":{"line":66,"column":1}},"loc":{"start":{"line":7,"column":31},"end":{"line":66,"column":1}},"line":7},"1":{"name":"BloggerController","decl":{"start":{"line":8,"column":2},"end":{"line":11,"column":6}},"loc":{"start":{"line":8,"column":2},"end":{"line":11,"column":6}},"line":8},"2":{"name":"register","decl":{"start":{"line":13,"column":13},"end":{"line":20,"column":4}},"loc":{"start":{"line":13,"column":13},"end":{"line":20,"column":4}},"line":13},"3":{"name":"getBySlug","decl":{"start":{"line":22,"column":14},"end":{"line":28,"column":4}},"loc":{"start":{"line":22,"column":14},"end":{"line":28,"column":4}},"line":22},"4":{"name":"follow","decl":{"start":{"line":30,"column":11},"end":{"line":38,"column":4}},"loc":{"start":{"line":30,"column":11},"end":{"line":38,"column":4}},"line":30},"5":{"name":"unfollow","decl":{"start":{"line":40,"column":13},"end":{"line":48,"column":4}},"loc":{"start":{"line":40,"column":13},"end":{"line":48,"column":4}},"line":40},"6":{"name":"listByFollower","decl":{"start":{"line":50,"column":19},"end":{"line":59,"column":4}},"loc":{"start":{"line":50,"column":19},"end":{"line":59,"column":4}},"line":50},"7":{"name":"authContext","decl":{"start":{"line":61,"column":10},"end":{"line":65,"column":3}},"loc":{"start":{"line":61,"column":10},"end":{"line":65,"column":3}},"line":61}},"f":{"0":5,"1":5,"2":2,"3":1,"4":1,"5":1,"6":1,"7":5}}
,"D:\\w_skill_opt\\Software_Engineering_W_Development_Model_Skills_Pack\\w-model-dev-demo\\src\\controllers\\category.controller.ts": {"path":"D:\\w_skill_opt\\Software_Engineering_W_Development_Model_Skills_Pack\\w-model-dev-demo\\src\\controllers\\category.controller.ts","all":false,"statementMap":{"0":{"start":{"line":1,"column":0},"end":{"line":1,"column":72}},"1":{"start":{"line":2,"column":0},"end":{"line":2,"column":0}},"2":{"start":{"line":3,"column":0},"end":{"line":3,"column":63}},"3":{"start":{"line":4,"column":0},"end":{"line":4,"column":71}},"4":{"start":{"line":5,"column":0},"end":{"line":5,"column":63}},"5":{"start":{"line":6,"column":0},"end":{"line":6,"column":0}},"6":{"start":{"line":7,"column":0},"end":{"line":7,"column":33}},"7":{"start":{"line":8,"column":0},"end":{"line":8,"column":14}},"8":{"start":{"line":9,"column":0},"end":{"line":9,"column":45}},"9":{"start":{"line":10,"column":0},"end":{"line":10,"column":37}},"10":{"start":{"line":11,"column":0},"end":{"line":11,"column":6}},"11":{"start":{"line":12,"column":0},"end":{"line":12,"column":0}},"12":{"start":{"line":13,"column":0},"end":{"line":13,"column":71}},"13":{"start":{"line":14,"column":0},"end":{"line":14,"column":9}},"14":{"start":{"line":15,"column":0},"end":{"line":15,"column":49}},"15":{"start":{"line":16,"column":0},"end":{"line":16,"column":89}},"16":{"start":{"line":17,"column":0},"end":{"line":17,"column":19}},"17":{"start":{"line":18,"column":0},"end":{"line":18,"column":16}},"18":{"start":{"line":19,"column":0},"end":{"line":19,"column":5}},"19":{"start":{"line":20,"column":0},"end":{"line":20,"column":4}},"20":{"start":{"line":21,"column":0},"end":{"line":21,"column":0}},"21":{"start":{"line":22,"column":0},"end":{"line":22,"column":70}},"22":{"start":{"line":23,"column":0},"end":{"line":23,"column":9}},"23":{"start":{"line":24,"column":0},"end":{"line":24,"column":44}},"24":{"start":{"line":25,"column":0},"end":{"line":25,"column":19}},"25":{"start":{"line":26,"column":0},"end":{"line":26,"column":16}},"26":{"start":{"line":27,"column":0},"end":{"line":27,"column":5}},"27":{"start":{"line":28,"column":0},"end":{"line":28,"column":4}},"28":{"start":{"line":29,"column":0},"end":{"line":29,"column":0}},"29":{"start":{"line":30,"column":0},"end":{"line":30,"column":75}},"30":{"start":{"line":31,"column":0},"end":{"line":31,"column":9}},"31":{"start":{"line":32,"column":0},"end":{"line":32,"column":72}},"32":{"start":{"line":33,"column":0},"end":{"line":33,"column":19}},"33":{"start":{"line":34,"column":0},"end":{"line":34,"column":16}},"34":{"start":{"line":35,"column":0},"end":{"line":35,"column":5}},"35":{"start":{"line":36,"column":0},"end":{"line":36,"column":4}},"36":{"start":{"line":37,"column":0},"end":{"line":37,"column":0}},"37":{"start":{"line":38,"column":0},"end":{"line":38,"column":78}},"38":{"start":{"line":39,"column":0},"end":{"line":39,"column":9}},"39":{"start":{"line":40,"column":0},"end":{"line":40,"column":40}},"40":{"start":{"line":41,"column":0},"end":{"line":41,"column":87}},"41":{"start":{"line":42,"column":0},"end":{"line":42,"column":29}},"42":{"start":{"line":43,"column":0},"end":{"line":43,"column":19}},"43":{"start":{"line":44,"column":0},"end":{"line":44,"column":16}},"44":{"start":{"line":45,"column":0},"end":{"line":45,"column":5}},"45":{"start":{"line":46,"column":0},"end":{"line":46,"column":4}},"46":{"start":{"line":47,"column":0},"end":{"line":47,"column":0}},"47":{"start":{"line":48,"column":0},"end":{"line":48,"column":77}},"48":{"start":{"line":49,"column":0},"end":{"line":49,"column":9}},"49":{"start":{"line":50,"column":0},"end":{"line":50,"column":84}},"50":{"start":{"line":51,"column":0},"end":{"line":51,"column":29}},"51":{"start":{"line":52,"column":0},"end":{"line":52,"column":19}},"52":{"start":{"line":53,"column":0},"end":{"line":53,"column":16}},"53":{"start":{"line":54,"column":0},"end":{"line":54,"column":5}},"54":{"start":{"line":55,"column":0},"end":{"line":55,"column":4}},"55":{"start":{"line":56,"column":0},"end":{"line":56,"column":0}},"56":{"start":{"line":57,"column":0},"end":{"line":57,"column":71}},"57":{"start":{"line":58,"column":0},"end":{"line":58,"column":51}},"58":{"start":{"line":59,"column":0},"end":{"line":59,"column":70}},"59":{"start":{"line":60,"column":0},"end":{"line":60,"column":47}},"60":{"start":{"line":61,"column":0},"end":{"line":61,"column":3}},"61":{"start":{"line":62,"column":0},"end":{"line":62,"column":1}}},"s":{"0":1,"1":1,"2":1,"3":1,"4":1,"5":1,"6":1,"7":4,"8":4,"9":4,"10":4,"11":4,"12":4,"13":2,"14":2,"15":2,"16":2,"17":0,"18":0,"19":2,"20":4,"21":4,"22":2,"23":2,"24":2,"25":1,"26":1,"27":2,"28":4,"29":4,"30":1,"31":1,"32":1,"33":0,"34":0,"35":1,"36":4,"37":4,"38":1,"39":1,"40":1,"41":1,"42":1,"43":0,"44":0,"45":1,"46":4,"47":4,"48":1,"49":1,"50":1,"51":1,"52":0,"53":0,"54":1,"55":4,"56":4,"57":1,"58":1,"59":1,"60":1,"61":4},"branchMap":{"0":{"type":"branch","line":7,"loc":{"start":{"line":7,"column":32},"end":{"line":62,"column":1}},"locations":[{"start":{"line":7,"column":32},"end":{"line":62,"column":1}}]},"1":{"type":"branch","line":8,"loc":{"start":{"line":8,"column":2},"end":{"line":11,"column":6}},"locations":[{"start":{"line":8,"column":2},"end":{"line":11,"column":6}}]},"2":{"type":"branch","line":13,"loc":{"start":{"line":13,"column":11},"end":{"line":20,"column":4}},"locations":[{"start":{"line":13,"column":11},"end":{"line":20,"column":4}}]},"3":{"type":"branch","line":15,"loc":{"start":{"line":15,"column":32},"end":{"line":15,"column":49}},"locations":[{"start":{"line":15,"column":32},"end":{"line":15,"column":49}}]},"4":{"type":"branch","line":17,"loc":{"start":{"line":17,"column":4},"end":{"line":19,"column":5}},"locations":[{"start":{"line":17,"column":4},"end":{"line":19,"column":5}}]},"5":{"type":"branch","line":22,"loc":{"start":{"line":22,"column":9},"end":{"line":28,"column":4}},"locations":[{"start":{"line":22,"column":9},"end":{"line":28,"column":4}}]},"6":{"type":"branch","line":25,"loc":{"start":{"line":25,"column":4},"end":{"line":27,"column":5}},"locations":[{"start":{"line":25,"column":4},"end":{"line":27,"column":5}}]},"7":{"type":"branch","line":30,"loc":{"start":{"line":30,"column":15},"end":{"line":36,"column":4}},"locations":[{"start":{"line":30,"column":15},"end":{"line":36,"column":4}}]},"8":{"type":"branch","line":33,"loc":{"start":{"line":33,"column":4},"end":{"line":35,"column":5}},"locations":[{"start":{"line":33,"column":4},"end":{"line":35,"column":5}}]},"9":{"type":"branch","line":38,"loc":{"start":{"line":38,"column":18},"end":{"line":46,"column":4}},"locations":[{"start":{"line":38,"column":18},"end":{"line":46,"column":4}}]},"10":{"type":"branch","line":43,"loc":{"start":{"line":43,"column":4},"end":{"line":45,"column":5}},"locations":[{"start":{"line":43,"column":4},"end":{"line":45,"column":5}}]},"11":{"type":"branch","line":48,"loc":{"start":{"line":48,"column":17},"end":{"line":55,"column":4}},"locations":[{"start":{"line":48,"column":17},"end":{"line":55,"column":4}}]},"12":{"type":"branch","line":52,"loc":{"start":{"line":52,"column":4},"end":{"line":54,"column":5}},"locations":[{"start":{"line":52,"column":4},"end":{"line":54,"column":5}}]},"13":{"type":"branch","line":57,"loc":{"start":{"line":57,"column":10},"end":{"line":61,"column":3}},"locations":[{"start":{"line":57,"column":10},"end":{"line":61,"column":3}}]},"14":{"type":"branch","line":58,"loc":{"start":{"line":58,"column":31},"end":{"line":58,"column":51}},"locations":[{"start":{"line":58,"column":31},"end":{"line":58,"column":51}}]},"15":{"type":"branch","line":59,"loc":{"start":{"line":59,"column":63},"end":{"line":59,"column":70}},"locations":[{"start":{"line":59,"column":63},"end":{"line":59,"column":70}}]}},"b":{"0":[4],"1":[4],"2":[2],"3":[1],"4":[0],"5":[2],"6":[1],"7":[1],"8":[0],"9":[1],"10":[0],"11":[1],"12":[0],"13":[1],"14":[0],"15":[0]},"fnMap":{"0":{"name":"<instance_members_initializer>","decl":{"start":{"line":7,"column":32},"end":{"line":62,"column":1}},"loc":{"start":{"line":7,"column":32},"end":{"line":62,"column":1}},"line":7},"1":{"name":"CategoryController","decl":{"start":{"line":8,"column":2},"end":{"line":11,"column":6}},"loc":{"start":{"line":8,"column":2},"end":{"line":11,"column":6}},"line":8},"2":{"name":"create","decl":{"start":{"line":13,"column":11},"end":{"line":20,"column":4}},"loc":{"start":{"line":13,"column":11},"end":{"line":20,"column":4}},"line":13},"3":{"name":"tree","decl":{"start":{"line":22,"column":9},"end":{"line":28,"column":4}},"loc":{"start":{"line":22,"column":9},"end":{"line":28,"column":4}},"line":22},"4":{"name":"breadcrumb","decl":{"start":{"line":30,"column":15},"end":{"line":36,"column":4}},"loc":{"start":{"line":30,"column":15},"end":{"line":36,"column":4}},"line":30},"5":{"name":"cascadeDelete","decl":{"start":{"line":38,"column":18},"end":{"line":46,"column":4}},"loc":{"start":{"line":38,"column":18},"end":{"line":46,"column":4}},"line":38},"6":{"name":"bindCategory","decl":{"start":{"line":48,"column":17},"end":{"line":55,"column":4}},"loc":{"start":{"line":48,"column":17},"end":{"line":55,"column":4}},"line":48},"7":{"name":"authContext","decl":{"start":{"line":57,"column":10},"end":{"line":61,"column":3}},"loc":{"start":{"line":57,"column":10},"end":{"line":61,"column":3}},"line":57}},"f":{"0":4,"1":4,"2":2,"3":2,"4":1,"5":1,"6":1,"7":1}}
,"D:\\w_skill_opt\\Software_Engineering_W_Development_Model_Skills_Pack\\w-model-dev-demo\\src\\controllers\\comment.controller.ts": {"path":"D:\\w_skill_opt\\Software_Engineering_W_Development_Model_Skills_Pack\\w-model-dev-demo\\src\\controllers\\comment.controller.ts","all":false,"statementMap":{"0":{"start":{"line":1,"column":0},"end":{"line":1,"column":70}},"1":{"start":{"line":2,"column":0},"end":{"line":2,"column":0}},"2":{"start":{"line":3,"column":0},"end":{"line":3,"column":63}},"3":{"start":{"line":4,"column":0},"end":{"line":4,"column":69}},"4":{"start":{"line":5,"column":0},"end":{"line":5,"column":63}},"5":{"start":{"line":6,"column":0},"end":{"line":6,"column":0}},"6":{"start":{"line":7,"column":0},"end":{"line":7,"column":32}},"7":{"start":{"line":8,"column":0},"end":{"line":8,"column":14}},"8":{"start":{"line":9,"column":0},"end":{"line":9,"column":43}},"9":{"start":{"line":10,"column":0},"end":{"line":10,"column":37}},"10":{"start":{"line":11,"column":0},"end":{"line":11,"column":6}},"11":{"start":{"line":12,"column":0},"end":{"line":12,"column":0}},"12":{"start":{"line":13,"column":0},"end":{"line":13,"column":71}},"13":{"start":{"line":14,"column":0},"end":{"line":14,"column":9}},"14":{"start":{"line":15,"column":0},"end":{"line":15,"column":40}},"15":{"start":{"line":16,"column":0},"end":{"line":16,"column":49}},"16":{"start":{"line":17,"column":0},"end":{"line":17,"column":27}},"17":{"start":{"line":18,"column":0},"end":{"line":18,"column":105}},"18":{"start":{"line":19,"column":0},"end":{"line":19,"column":8}},"19":{"start":{"line":20,"column":0},"end":{"line":20,"column":19}},"20":{"start":{"line":21,"column":0},"end":{"line":21,"column":16}},"21":{"start":{"line":22,"column":0},"end":{"line":22,"column":5}},"22":{"start":{"line":23,"column":0},"end":{"line":23,"column":4}},"23":{"start":{"line":24,"column":0},"end":{"line":24,"column":0}},"24":{"start":{"line":25,"column":0},"end":{"line":25,"column":70}},"25":{"start":{"line":26,"column":0},"end":{"line":26,"column":9}},"26":{"start":{"line":27,"column":0},"end":{"line":27,"column":40}},"27":{"start":{"line":28,"column":0},"end":{"line":28,"column":96}},"28":{"start":{"line":29,"column":0},"end":{"line":29,"column":29}},"29":{"start":{"line":30,"column":0},"end":{"line":30,"column":19}},"30":{"start":{"line":31,"column":0},"end":{"line":31,"column":16}},"31":{"start":{"line":32,"column":0},"end":{"line":32,"column":5}},"32":{"start":{"line":33,"column":0},"end":{"line":33,"column":4}},"33":{"start":{"line":34,"column":0},"end":{"line":34,"column":0}},"34":{"start":{"line":35,"column":0},"end":{"line":35,"column":69}},"35":{"start":{"line":36,"column":0},"end":{"line":36,"column":9}},"36":{"start":{"line":37,"column":0},"end":{"line":37,"column":40}},"37":{"start":{"line":38,"column":0},"end":{"line":38,"column":66}},"38":{"start":{"line":39,"column":0},"end":{"line":39,"column":29}},"39":{"start":{"line":40,"column":0},"end":{"line":40,"column":19}},"40":{"start":{"line":41,"column":0},"end":{"line":41,"column":16}},"41":{"start":{"line":42,"column":0},"end":{"line":42,"column":5}},"42":{"start":{"line":43,"column":0},"end":{"line":43,"column":4}},"43":{"start":{"line":44,"column":0},"end":{"line":44,"column":0}},"44":{"start":{"line":45,"column":0},"end":{"line":45,"column":71}},"45":{"start":{"line":46,"column":0},"end":{"line":46,"column":9}},"46":{"start":{"line":47,"column":0},"end":{"line":47,"column":40}},"47":{"start":{"line":48,"column":0},"end":{"line":48,"column":92}},"48":{"start":{"line":49,"column":0},"end":{"line":49,"column":29}},"49":{"start":{"line":50,"column":0},"end":{"line":50,"column":19}},"50":{"start":{"line":51,"column":0},"end":{"line":51,"column":16}},"51":{"start":{"line":52,"column":0},"end":{"line":52,"column":5}},"52":{"start":{"line":53,"column":0},"end":{"line":53,"column":4}},"53":{"start":{"line":54,"column":0},"end":{"line":54,"column":0}},"54":{"start":{"line":55,"column":0},"end":{"line":55,"column":78}},"55":{"start":{"line":56,"column":0},"end":{"line":56,"column":9}},"56":{"start":{"line":57,"column":0},"end":{"line":57,"column":47}},"57":{"start":{"line":58,"column":0},"end":{"line":58,"column":56}},"58":{"start":{"line":59,"column":0},"end":{"line":59,"column":57}},"59":{"start":{"line":60,"column":0},"end":{"line":60,"column":51}},"60":{"start":{"line":61,"column":0},"end":{"line":61,"column":75}},"61":{"start":{"line":62,"column":0},"end":{"line":62,"column":95}},"62":{"start":{"line":63,"column":0},"end":{"line":63,"column":19}},"63":{"start":{"line":64,"column":0},"end":{"line":64,"column":16}},"64":{"start":{"line":65,"column":0},"end":{"line":65,"column":5}},"65":{"start":{"line":66,"column":0},"end":{"line":66,"column":4}},"66":{"start":{"line":67,"column":0},"end":{"line":67,"column":0}},"67":{"start":{"line":68,"column":0},"end":{"line":68,"column":71}},"68":{"start":{"line":69,"column":0},"end":{"line":69,"column":51}},"69":{"start":{"line":70,"column":0},"end":{"line":70,"column":70}},"70":{"start":{"line":71,"column":0},"end":{"line":71,"column":47}},"71":{"start":{"line":72,"column":0},"end":{"line":72,"column":3}},"72":{"start":{"line":73,"column":0},"end":{"line":73,"column":1}}},"s":{"0":1,"1":1,"2":1,"3":1,"4":1,"5":1,"6":1,"7":5,"8":5,"9":5,"10":5,"11":5,"12":5,"13":3,"14":3,"15":3,"16":3,"17":3,"18":3,"19":3,"20":1,"21":1,"22":3,"23":5,"24":5,"25":1,"26":1,"27":1,"28":1,"29":1,"30":0,"31":0,"32":1,"33":5,"34":5,"35":1,"36":1,"37":1,"38":1,"39":1,"40":0,"41":0,"42":1,"43":5,"44":5,"45":1,"46":1,"47":1,"48":1,"49":1,"50":0,"51":0,"52":1,"53":5,"54":5,"55":3,"56":3,"57":3,"58":3,"59":3,"60":3,"61":3,"62":3,"63":0,"64":0,"65":3,"66":5,"67":5,"68":6,"69":6,"70":6,"71":6,"72":5},"branchMap":{"0":{"type":"branch","line":7,"loc":{"start":{"line":7,"column":31},"end":{"line":73,"column":1}},"locations":[{"start":{"line":7,"column":31},"end":{"line":73,"column":1}}]},"1":{"type":"branch","line":8,"loc":{"start":{"line":8,"column":2},"end":{"line":11,"column":6}},"locations":[{"start":{"line":8,"column":2},"end":{"line":11,"column":6}}]},"2":{"type":"branch","line":13,"loc":{"start":{"line":13,"column":11},"end":{"line":23,"column":4}},"locations":[{"start":{"line":13,"column":11},"end":{"line":23,"column":4}}]},"3":{"type":"branch","line":16,"loc":{"start":{"line":16,"column":32},"end":{"line":16,"column":49}},"locations":[{"start":{"line":16,"column":32},"end":{"line":16,"column":49}}]},"4":{"type":"branch","line":20,"loc":{"start":{"line":20,"column":4},"end":{"line":22,"column":5}},"locations":[{"start":{"line":20,"column":4},"end":{"line":22,"column":5}}]},"5":{"type":"branch","line":25,"loc":{"start":{"line":25,"column":10},"end":{"line":33,"column":4}},"locations":[{"start":{"line":25,"column":10},"end":{"line":33,"column":4}}]},"6":{"type":"branch","line":30,"loc":{"start":{"line":30,"column":4},"end":{"line":32,"column":5}},"locations":[{"start":{"line":30,"column":4},"end":{"line":32,"column":5}}]},"7":{"type":"branch","line":35,"loc":{"start":{"line":35,"column":9},"end":{"line":43,"column":4}},"locations":[{"start":{"line":35,"column":9},"end":{"line":43,"column":4}}]},"8":{"type":"branch","line":40,"loc":{"start":{"line":40,"column":4},"end":{"line":42,"column":5}},"locations":[{"start":{"line":40,"column":4},"end":{"line":42,"column":5}}]},"9":{"type":"branch","line":45,"loc":{"start":{"line":45,"column":11},"end":{"line":53,"column":4}},"locations":[{"start":{"line":45,"column":11},"end":{"line":53,"column":4}}]},"10":{"type":"branch","line":50,"loc":{"start":{"line":50,"column":4},"end":{"line":52,"column":5}},"locations":[{"start":{"line":50,"column":4},"end":{"line":52,"column":5}}]},"11":{"type":"branch","line":55,"loc":{"start":{"line":55,"column":18},"end":{"line":66,"column":4}},"locations":[{"start":{"line":55,"column":18},"end":{"line":66,"column":4}}]},"12":{"type":"branch","line":59,"loc":{"start":{"line":59,"column":39},"end":{"line":59,"column":55}},"locations":[{"start":{"line":59,"column":39},"end":{"line":59,"column":55}}]},"13":{"type":"branch","line":61,"loc":{"start":{"line":61,"column":20},"end":{"line":61,"column":56}},"locations":[{"start":{"line":61,"column":20},"end":{"line":61,"column":56}}]},"14":{"type":"branch","line":61,"loc":{"start":{"line":61,"column":44},"end":{"line":61,"column":66}},"locations":[{"start":{"line":61,"column":44},"end":{"line":61,"column":66}}]},"15":{"type":"branch","line":61,"loc":{"start":{"line":61,"column":56},"end":{"line":61,"column":75}},"locations":[{"start":{"line":61,"column":56},"end":{"line":61,"column":75}}]},"16":{"type":"branch","line":63,"loc":{"start":{"line":63,"column":4},"end":{"line":65,"column":5}},"locations":[{"start":{"line":63,"column":4},"end":{"line":65,"column":5}}]},"17":{"type":"branch","line":68,"loc":{"start":{"line":68,"column":10},"end":{"line":72,"column":3}},"locations":[{"start":{"line":68,"column":10},"end":{"line":72,"column":3}}]},"18":{"type":"branch","line":69,"loc":{"start":{"line":69,"column":31},"end":{"line":69,"column":51}},"locations":[{"start":{"line":69,"column":31},"end":{"line":69,"column":51}}]},"19":{"type":"branch","line":70,"loc":{"start":{"line":70,"column":63},"end":{"line":70,"column":70}},"locations":[{"start":{"line":70,"column":63},"end":{"line":70,"column":70}}]}},"b":{"0":[5],"1":[5],"2":[3],"3":[2],"4":[1],"5":[1],"6":[0],"7":[1],"8":[0],"9":[1],"10":[0],"11":[3],"12":[1],"13":[2],"14":[2],"15":[1],"16":[0],"17":[6],"18":[0],"19":[0]},"fnMap":{"0":{"name":"<instance_members_initializer>","decl":{"start":{"line":7,"column":31},"end":{"line":73,"column":1}},"loc":{"start":{"line":7,"column":31},"end":{"line":73,"column":1}},"line":7},"1":{"name":"CommentController","decl":{"start":{"line":8,"column":2},"end":{"line":11,"column":6}},"loc":{"start":{"line":8,"column":2},"end":{"line":11,"column":6}},"line":8},"2":{"name":"create","decl":{"start":{"line":13,"column":11},"end":{"line":23,"column":4}},"loc":{"start":{"line":13,"column":11},"end":{"line":23,"column":4}},"line":13},"3":{"name":"audit","decl":{"start":{"line":25,"column":10},"end":{"line":33,"column":4}},"loc":{"start":{"line":25,"column":10},"end":{"line":33,"column":4}},"line":25},"4":{"name":"like","decl":{"start":{"line":35,"column":9},"end":{"line":43,"column":4}},"loc":{"start":{"line":35,"column":9},"end":{"line":43,"column":4}},"line":35},"5":{"name":"report","decl":{"start":{"line":45,"column":11},"end":{"line":53,"column":4}},"loc":{"start":{"line":45,"column":11},"end":{"line":53,"column":4}},"line":45},"6":{"name":"listByArticle","decl":{"start":{"line":55,"column":18},"end":{"line":66,"column":4}},"loc":{"start":{"line":55,"column":18},"end":{"line":66,"column":4}},"line":55},"7":{"name":"authContext","decl":{"start":{"line":68,"column":10},"end":{"line":72,"column":3}},"loc":{"start":{"line":68,"column":10},"end":{"line":72,"column":3}},"line":68}},"f":{"0":5,"1":5,"2":3,"3":1,"4":1,"5":1,"6":3,"7":6}}
,"D:\\w_skill_opt\\Software_Engineering_W_Development_Model_Skills_Pack\\w-model-dev-demo\\src\\controllers\\crossref.controller.ts": {"path":"D:\\w_skill_opt\\Software_Engineering_W_Development_Model_Skills_Pack\\w-model-dev-demo\\src\\controllers\\crossref.controller.ts","all":false,"statementMap":{"0":{"start":{"line":1,"column":0},"end":{"line":1,"column":84}},"1":{"start":{"line":2,"column":0},"end":{"line":2,"column":0}},"2":{"start":{"line":3,"column":0},"end":{"line":3,"column":63}},"3":{"start":{"line":4,"column":0},"end":{"line":4,"column":77}},"4":{"start":{"line":5,"column":0},"end":{"line":5,"column":0}},"5":{"start":{"line":6,"column":0},"end":{"line":6,"column":39}},"6":{"start":{"line":7,"column":0},"end":{"line":7,"column":64}},"7":{"start":{"line":8,"column":0},"end":{"line":8,"column":0}},"8":{"start":{"line":9,"column":0},"end":{"line":9,"column":76}},"9":{"start":{"line":10,"column":0},"end":{"line":10,"column":9}},"10":{"start":{"line":11,"column":0},"end":{"line":11,"column":84}},"11":{"start":{"line":12,"column":0},"end":{"line":12,"column":41}},"12":{"start":{"line":13,"column":0},"end":{"line":13,"column":19}},"13":{"start":{"line":14,"column":0},"end":{"line":14,"column":16}},"14":{"start":{"line":15,"column":0},"end":{"line":15,"column":5}},"15":{"start":{"line":16,"column":0},"end":{"line":16,"column":4}},"16":{"start":{"line":17,"column":0},"end":{"line":17,"column":0}},"17":{"start":{"line":18,"column":0},"end":{"line":18,"column":79}},"18":{"start":{"line":19,"column":0},"end":{"line":19,"column":9}},"19":{"start":{"line":20,"column":0},"end":{"line":20,"column":87}},"20":{"start":{"line":21,"column":0},"end":{"line":21,"column":29}},"21":{"start":{"line":22,"column":0},"end":{"line":22,"column":19}},"22":{"start":{"line":23,"column":0},"end":{"line":23,"column":16}},"23":{"start":{"line":24,"column":0},"end":{"line":24,"column":5}},"24":{"start":{"line":25,"column":0},"end":{"line":25,"column":4}},"25":{"start":{"line":26,"column":0},"end":{"line":26,"column":0}},"26":{"start":{"line":27,"column":0},"end":{"line":27,"column":74}},"27":{"start":{"line":28,"column":0},"end":{"line":28,"column":9}},"28":{"start":{"line":29,"column":0},"end":{"line":29,"column":70}},"29":{"start":{"line":30,"column":0},"end":{"line":30,"column":19}},"30":{"start":{"line":31,"column":0},"end":{"line":31,"column":16}},"31":{"start":{"line":32,"column":0},"end":{"line":32,"column":5}},"32":{"start":{"line":33,"column":0},"end":{"line":33,"column":4}},"33":{"start":{"line":34,"column":0},"end":{"line":34,"column":0}},"34":{"start":{"line":35,"column":0},"end":{"line":35,"column":72}},"35":{"start":{"line":36,"column":0},"end":{"line":36,"column":9}},"36":{"start":{"line":37,"column":0},"end":{"line":37,"column":47}},"37":{"start":{"line":38,"column":0},"end":{"line":38,"column":74}},"38":{"start":{"line":39,"column":0},"end":{"line":39,"column":19}},"39":{"start":{"line":40,"column":0},"end":{"line":40,"column":16}},"40":{"start":{"line":41,"column":0},"end":{"line":41,"column":5}},"41":{"start":{"line":42,"column":0},"end":{"line":42,"column":4}},"42":{"start":{"line":43,"column":0},"end":{"line":43,"column":0}},"43":{"start":{"line":44,"column":0},"end":{"line":44,"column":70}},"44":{"start":{"line":45,"column":0},"end":{"line":45,"column":9}},"45":{"start":{"line":46,"column":0},"end":{"line":46,"column":49}},"46":{"start":{"line":47,"column":0},"end":{"line":47,"column":73}},"47":{"start":{"line":48,"column":0},"end":{"line":48,"column":19}},"48":{"start":{"line":49,"column":0},"end":{"line":49,"column":16}},"49":{"start":{"line":50,"column":0},"end":{"line":50,"column":5}},"50":{"start":{"line":51,"column":0},"end":{"line":51,"column":4}},"51":{"start":{"line":52,"column":0},"end":{"line":52,"column":1}}},"s":{"0":1,"1":1,"2":1,"3":1,"4":1,"5":1,"6":4,"7":4,"8":4,"9":1,"10":1,"11":1,"12":1,"13":0,"14":0,"15":1,"16":4,"17":4,"18":1,"19":1,"20":1,"21":1,"22":0,"23":0,"24":1,"25":4,"26":4,"27":2,"28":2,"29":2,"30":1,"31":1,"32":2,"33":4,"34":4,"35":1,"36":1,"37":1,"38":1,"39":0,"40":0,"41":1,"42":4,"43":4,"44":1,"45":1,"46":1,"47":1,"48":0,"49":0,"50":1,"51":4},"branchMap":{"0":{"type":"branch","line":6,"loc":{"start":{"line":6,"column":38},"end":{"line":52,"column":1}},"locations":[{"start":{"line":6,"column":38},"end":{"line":52,"column":1}}]},"1":{"type":"branch","line":7,"loc":{"start":{"line":7,"column":2},"end":{"line":7,"column":64}},"locations":[{"start":{"line":7,"column":2},"end":{"line":7,"column":64}}]},"2":{"type":"branch","line":9,"loc":{"start":{"line":9,"column":16},"end":{"line":16,"column":4}},"locations":[{"start":{"line":9,"column":16},"end":{"line":16,"column":4}}]},"3":{"type":"branch","line":13,"loc":{"start":{"line":13,"column":4},"end":{"line":15,"column":5}},"locations":[{"start":{"line":13,"column":4},"end":{"line":15,"column":5}}]},"4":{"type":"branch","line":18,"loc":{"start":{"line":18,"column":19},"end":{"line":25,"column":4}},"locations":[{"start":{"line":18,"column":19},"end":{"line":25,"column":4}}]},"5":{"type":"branch","line":22,"loc":{"start":{"line":22,"column":4},"end":{"line":24,"column":5}},"locations":[{"start":{"line":22,"column":4},"end":{"line":24,"column":5}}]},"6":{"type":"branch","line":27,"loc":{"start":{"line":27,"column":14},"end":{"line":33,"column":4}},"locations":[{"start":{"line":27,"column":14},"end":{"line":33,"column":4}}]},"7":{"type":"branch","line":30,"loc":{"start":{"line":30,"column":4},"end":{"line":32,"column":5}},"locations":[{"start":{"line":30,"column":4},"end":{"line":32,"column":5}}]},"8":{"type":"branch","line":35,"loc":{"start":{"line":35,"column":12},"end":{"line":42,"column":4}},"locations":[{"start":{"line":35,"column":12},"end":{"line":42,"column":4}}]},"9":{"type":"branch","line":37,"loc":{"start":{"line":37,"column":36},"end":{"line":37,"column":45}},"locations":[{"start":{"line":37,"column":36},"end":{"line":37,"column":45}}]},"10":{"type":"branch","line":39,"loc":{"start":{"line":39,"column":4},"end":{"line":41,"column":5}},"locations":[{"start":{"line":39,"column":4},"end":{"line":41,"column":5}}]},"11":{"type":"branch","line":44,"loc":{"start":{"line":44,"column":10},"end":{"line":51,"column":4}},"locations":[{"start":{"line":44,"column":10},"end":{"line":51,"column":4}}]},"12":{"type":"branch","line":46,"loc":{"start":{"line":46,"column":37},"end":{"line":46,"column":47}},"locations":[{"start":{"line":46,"column":37},"end":{"line":46,"column":47}}]},"13":{"type":"branch","line":48,"loc":{"start":{"line":48,"column":4},"end":{"line":50,"column":5}},"locations":[{"start":{"line":48,"column":4},"end":{"line":50,"column":5}}]}},"b":{"0":[4],"1":[4],"2":[1],"3":[0],"4":[1],"5":[0],"6":[2],"7":[1],"8":[1],"9":[0],"10":[0],"11":[1],"12":[0],"13":[0]},"fnMap":{"0":{"name":"<instance_members_initializer>","decl":{"start":{"line":6,"column":38},"end":{"line":52,"column":1}},"loc":{"start":{"line":6,"column":38},"end":{"line":52,"column":1}},"line":6},"1":{"name":"CrossReferenceController","decl":{"start":{"line":7,"column":2},"end":{"line":7,"column":64}},"loc":{"start":{"line":7,"column":2},"end":{"line":7,"column":64}},"line":7},"2":{"name":"addCitation","decl":{"start":{"line":9,"column":16},"end":{"line":16,"column":4}},"loc":{"start":{"line":9,"column":16},"end":{"line":16,"column":4}},"line":9},"3":{"name":"removeCitation","decl":{"start":{"line":18,"column":19},"end":{"line":25,"column":4}},"loc":{"start":{"line":18,"column":19},"end":{"line":25,"column":4}},"line":18},"4":{"name":"backlinks","decl":{"start":{"line":27,"column":14},"end":{"line":33,"column":4}},"loc":{"start":{"line":27,"column":14},"end":{"line":33,"column":4}},"line":27},"5":{"name":"related","decl":{"start":{"line":35,"column":12},"end":{"line":42,"column":4}},"loc":{"start":{"line":35,"column":12},"end":{"line":42,"column":4}},"line":35},"6":{"name":"graph","decl":{"start":{"line":44,"column":10},"end":{"line":51,"column":4}},"loc":{"start":{"line":44,"column":10},"end":{"line":51,"column":4}},"line":44}},"f":{"0":4,"1":4,"2":1,"3":1,"4":2,"5":1,"6":1}}
,"D:\\w_skill_opt\\Software_Engineering_W_Development_Model_Skills_Pack\\w-model-dev-demo\\src\\controllers\\file.controller.ts": {"path":"D:\\w_skill_opt\\Software_Engineering_W_Development_Model_Skills_Pack\\w-model-dev-demo\\src\\controllers\\file.controller.ts","all":false,"statementMap":{"0":{"start":{"line":1,"column":0},"end":{"line":1,"column":64}},"1":{"start":{"line":2,"column":0},"end":{"line":2,"column":0}},"2":{"start":{"line":3,"column":0},"end":{"line":3,"column":63}},"3":{"start":{"line":4,"column":0},"end":{"line":4,"column":63}},"4":{"start":{"line":5,"column":0},"end":{"line":5,"column":63}},"5":{"start":{"line":6,"column":0},"end":{"line":6,"column":0}},"6":{"start":{"line":7,"column":0},"end":{"line":7,"column":29}},"7":{"start":{"line":8,"column":0},"end":{"line":8,"column":14}},"8":{"start":{"line":9,"column":0},"end":{"line":9,"column":37}},"9":{"start":{"line":10,"column":0},"end":{"line":10,"column":37}},"10":{"start":{"line":11,"column":0},"end":{"line":11,"column":6}},"11":{"start":{"line":12,"column":0},"end":{"line":12,"column":0}},"12":{"start":{"line":13,"column":0},"end":{"line":13,"column":71}},"13":{"start":{"line":14,"column":0},"end":{"line":14,"column":9}},"14":{"start":{"line":15,"column":0},"end":{"line":15,"column":40}},"15":{"start":{"line":16,"column":0},"end":{"line":16,"column":68}},"16":{"start":{"line":17,"column":0},"end":{"line":17,"column":56}},"17":{"start":{"line":18,"column":0},"end":{"line":18,"column":36}},"18":{"start":{"line":19,"column":0},"end":{"line":19,"column":36}},"19":{"start":{"line":20,"column":0},"end":{"line":20,"column":16}},"20":{"start":{"line":21,"column":0},"end":{"line":21,"column":9}},"21":{"start":{"line":22,"column":0},"end":{"line":22,"column":33}},"22":{"start":{"line":23,"column":0},"end":{"line":23,"column":19}},"23":{"start":{"line":24,"column":0},"end":{"line":24,"column":16}},"24":{"start":{"line":25,"column":0},"end":{"line":25,"column":5}},"25":{"start":{"line":26,"column":0},"end":{"line":26,"column":4}},"26":{"start":{"line":27,"column":0},"end":{"line":27,"column":0}},"27":{"start":{"line":28,"column":0},"end":{"line":28,"column":73}},"28":{"start":{"line":29,"column":0},"end":{"line":29,"column":9}},"29":{"start":{"line":30,"column":0},"end":{"line":30,"column":40}},"30":{"start":{"line":31,"column":0},"end":{"line":31,"column":54}},"31":{"start":{"line":32,"column":0},"end":{"line":32,"column":19}},"32":{"start":{"line":33,"column":0},"end":{"line":33,"column":16}},"33":{"start":{"line":34,"column":0},"end":{"line":34,"column":5}},"34"
[...]
0},"end":{"line":70,"column":3}},"70":{"start":{"line":71,"column":0},"end":{"line":71,"column":29}},"71":{"start":{"line":72,"column":0},"end":{"line":72,"column":79}},"72":{"start":{"line":73,"column":0},"end":{"line":73,"column":11}},"73":{"start":{"line":74,"column":0},"end":{"line":74,"column":3}},"74":{"start":{"line":75,"column":0},"end":{"line":75,"column":81}},"75":{"start":{"line":76,"column":0},"end":{"line":76,"column":1}},"76":{"start":{"line":77,"column":0},"end":{"line":77,"column":0}},"77":{"start":{"line":78,"column":0},"end":{"line":78,"column":74}},"78":{"start":{"line":79,"column":0},"end":{"line":79,"column":67}},"79":{"start":{"line":80,"column":0},"end":{"line":80,"column":54}},"80":{"start":{"line":81,"column":0},"end":{"line":81,"column":1}}},"s":{"0":1,"1":1,"2":1,"3":1,"4":1,"5":1,"6":1,"7":1,"8":1,"9":1,"10":1,"11":1,"12":1,"13":1,"14":1,"15":1,"16":1,"17":1,"18":1,"19":1,"20":1,"21":1,"22":1,"23":1,"24":1,"25":1,"26":1,"27":1,"28":1,"29":1,"30":1,"31":1,"32":1,"33":1,"34":1,"35":1,"36":1,"37":144,"38":144,"39":144,"40":144,"41":144,"42":144,"43":144,"44":144,"45":144,"46":144,"47":144,"48":2,"49":2,"50":2,"51":2,"52":2,"53":2,"54":144,"55":1,"56":1,"57":1,"58":4,"59":4,"60":1,"61":1,"62":1,"63":3,"64":3,"65":3,"66":3,"67":1,"68":1,"69":1,"70":3,"71":1,"72":1,"73":1,"74":1,"75":1,"76":1,"77":1,"78":1,"79":4,"80":4},"branchMap":{"0":{"type":"branch","line":3,"loc":{"start":{"line":3,"column":7},"end":{"line":3,"column":23}},"locations":[{"start":{"line":3,"column":7},"end":{"line":3,"column":23}}]},"1":{"type":"branch","line":37,"loc":{"start":{"line":37,"column":36},"end":{"line":55,"column":1}},"locations":[{"start":{"line":37,"column":36},"end":{"line":55,"column":1}}]},"2":{"type":"branch","line":41,"loc":{"start":{"line":41,"column":2},"end":{"line":46,"column":3}},"locations":[{"start":{"line":41,"column":2},"end":{"line":46,"column":3}}]},"3":{"type":"branch","line":42,"loc":{"start":{"line":42,"column":10},"end":{"line":42,"column":33}},"locations":[{"start":{"line":42,"column":10},"end":{"line":42,"column":33}}]},"4":{"type":"branch","line":45,"loc":{"start":{"line":45,"column":44},"end":{"line":45,"column":53}},"locations":[{"start":{"line":45,"column":44},"end":{"line":45,"column":53}}]},"5":{"type":"branch","line":48,"loc":{"start":{"line":48,"column":2},"end":{"line":54,"column":3}},"locations":[{"start":{"line":48,"column":2},"end":{"line":54,"column":3}}]},"6":{"type":"branch","line":58,"loc":{"start":{"line":58,"column":7},"end":{"line":60,"column":1}},"locations":[{"start":{"line":58,"column":7},"end":{"line":60,"column":1}}]},"7":{"type":"branch","line":59,"loc":{"start":{"line":59,"column":27},"end":{"line":59,"column":50}},"locations":[{"start":{"line":59,"column":27},"end":{"line":59,"column":50}}]},"8":{"type":"branch","line":63,"loc":{"start":{"line":63,"column":7},"end":{"line":76,"column":1}},"locations":[{"start":{"line":63,"column":7},"end":{"line":76,"column":1}}]},"9":{"type":"branch","line":67,"loc":{"start":{"line":67,"column":31},"end":{"line":70,"column":3}},"locations":[{"start":{"line":67,"column":31},"end":{"line":70,"column":3}}]},"10":{"type":"branch","line":70,"loc":{"start":{"line":70,"column":2},"end":{"line":71,"column":28}},"locations":[{"start":{"line":70,"column":2},"end":{"line":71,"column":28}}]},"11":{"type":"branch","line":71,"loc":{"start":{"line":71,"column":28},"end":{"line":76,"column":1}},"locations":[{"start":{"line":71,"column":28},"end":{"line":76,"column":1}}]},"12":{"type":"branch","line":79,"loc":{"start":{"line":79,"column":7},"end":{"line":81,"column":1}},"locations":[{"start":{"line":79,"column":7},"end":{"line":81,"column":1}}]},"13":{"type":"branch","line":80,"loc":{"start":{"line":80,"column":24},"end":{"line":80,"column":54}},"locations":[{"start":{"line":80,"column":24},"end":{"line":80,"column":54}}]}},"b":{"0":[19],"1":[144],"2":[144],"3":[0],"4":[1],"5":[2],"6":[4],"7":[2],"8":[3],"9":[1],"10":[2],"11":[1],"12":[4],"13":[2]},"fnMap":{"0":{"name":"<instance_members_initializer>","decl":{"start":{"line":37,"column":36},"end":{"line":55,"column":1}},"loc":{"start":{"line":37,"column":36},"end":{"line":55,"column":1}},"line":37},"1":{"name":"AppError","decl":{"start":{"line":41,"column":2},"end":{"line":46,"column":3}},"loc":{"start":{"line":41,"column":2},"end":{"line":46,"column":3}},"line":41},"2":{"name":"toJSON","decl":{"start":{"line":48,"column":2},"end":{"line":54,"column":3}},"loc":{"start":{"line":48,"column":2},"end":{"line":54,"column":3}},"line":48},"3":{"name":"throwAppError","decl":{"start":{"line":58,"column":7},"end":{"line":60,"column":1}},"loc":{"start":{"line":58,"column":7},"end":{"line":60,"column":1}},"line":58},"4":{"name":"errorHandler","decl":{"start":{"line":63,"column":7},"end":{"line":76,"column":1}},"loc":{"start":{"line":63,"column":7},"end":{"line":76,"column":1}},"line":63},"5":{"name":"hasErrorCode","decl":{"start":{"line":79,"column":7},"end":{"line":81,"column":1}},"loc":{"start":{"line":79,"column":7},"end":{"line":81,"column":1}},"line":79}},"f":{"0":144,"1":144,"2":2,"3":4,"4":3,"5":4}}
,"D:\\w_skill_opt\\Software_Engineering_W_Development_Model_Skills_Pack\\w-model-dev-demo\\src\\utils\\logger.ts": {"path":"D:\\w_skill_opt\\Software_Engineering_W_Development_Model_Skills_Pack\\w-model-dev-demo\\src\\utils\\logger.ts","all":false,"statementMap":{"0":{"start":{"line":1,"column":0},"end":{"line":1,"column":86}},"1":{"start":{"line":2,"column":0},"end":{"line":2,"column":0}},"2":{"start":{"line":3,"column":0},"end":{"line":3,"column":48}},"3":{"start":{"line":4,"column":0},"end":{"line":4,"column":0}},"4":{"start":{"line":5,"column":0},"end":{"line":5,"column":51}},"5":{"start":{"line":6,"column":0},"end":{"line":6,"column":0}},"6":{"start":{"line":7,"column":0},"end":{"line":7,"column":29}},"7":{"start":{"line":8,"column":0},"end":{"line":8,"column":0}},"8":{"start":{"line":9,"column":0},"end":{"line":9,"column":23}},"9":{"start":{"line":10,"column":0},"end":{"line":10,"column":82}},"10":{"start":{"line":11,"column":0},"end":{"line":11,"column":83}},"11":{"start":{"line":12,"column":0},"end":{"line":12,"column":86}},"12":{"start":{"line":13,"column":0},"end":{"line":13,"column":14}},"13":{"start":{"line":14,"column":0},"end":{"line":14,"column":2}},"14":{"start":{"line":15,"column":0},"end":{"line":15,"column":0}},"15":{"start":{"line":16,"column":0},"end":{"line":16,"column":68}},"16":{"start":{"line":17,"column":0},"end":{"line":17,"column":68}},"17":{"start":{"line":18,"column":0},"end":{"line":18,"column":45}},"18":{"start":{"line":19,"column":0},"end":{"line":19,"column":0}},"19":{"start":{"line":20,"column":0},"end":{"line":20,"column":86}},"20":{"start":{"line":21,"column":0},"end":{"line":21,"column":27}},"21":{"start":{"line":22,"column":0},"end":{"line":22,"column":57}},"22":{"start":{"line":23,"column":0},"end":{"line":23,"column":11}},"23":{"start":{"line":24,"column":0},"end":{"line":24,"column":11}},"24":{"start":{"line":25,"column":0},"end":{"line":25,"column":11}},"25":{"start":{"line":26,"column":0},"end":{"line":26,"column":19}},"26":{"start":{"line":27,"column":0},"end":{"line":27,"column":26}},"27":{"start":{"line":28,"column":0},"end":{"line":28,"column":26}},"28":{"start":{"line":29,"column":0},"end":{"line":29,"column":4}},"29":{"start":{"line":30,"column":0},"end":{"line":30,"column":29}},"30":{"start":{"line":31,"column":0},"end":{"line":31,"column":15}},"31":{"start":{"line":32,"column":0},"end":{"line":32,"column":1}},"32":{"start":{"line":33,"column":0},"end":{"line":33,"column":0}},"33":{"start":{"line":34,"column":0},"end":{"line":34,"column":90}},"34":{"start":{"line":35,"column":0},"end":{"line":35,"column":90}},"35":{"start":{"line":36,"column":0},"end":{"line":36,"column":48}},"36":{"start":{"line":37,"column":0},"end":{"line":37,"column":1}},"37":{"start":{"line":38,"column":0},"end":{"line":38,"column":0}},"38":{"start":{"line":39,"column":0},"end":{"line":39,"column":40}},"39":{"start":{"line":40,"column":0},"end":{"line":40,"column":28}},"40":{"start":{"line":41,"column":0},"end":{"line":41,"column":1}},"41":{"start":{"line":42,"column":0},"end":{"line":42,"column":0}},"42":{"start":{"line":43,"column":0},"end":{"line":43,"column":3}},"43":{"start":{"line":44,"column":0},"end":{"line":44,"column":61}},"44":{"start":{"line":45,"column":0},"end":{"line":45,"column":46}},"45":{"start":{"line":46,"column":0},"end":{"line":46,"column":3}},"46":{"start":{"line":47,"column":0},"end":{"line":47,"column":70}},"47":{"start":{"line":48,"column":0},"end":{"line":48,"column":19}},"48":{"start":{"line":49,"column":0},"end":{"line":49,"column":54}},"49":{"start":{"line":50,"column":0},"end":{"line":50,"column":3}},"50":{"start":{"line":51,"column":0},"end":{"line":51,"column":1}},"51":{"start":{"line":52,"column":0},"end":{"line":52,"column":0}},"52":{"start":{"line":53,"column":0},"end":{"line":53,"column":3}},"53":{"start":{"line":54,"column":0},"end":{"line":54,"column":67}},"54":{"start":{"line":55,"column":0},"end":{"line":55,"column":58}},"55":{"start":{"line":56,"column":0},"end":{"line":56,"column":3}},"56":{"start":{"line":57,"column":0},"end":{"line":57,"column":75}},"57":{"start":{"line":58,"column":0},"end":{"line":58,"column":60}},"58":{"start":{"line":59,"column":0},"end":{"line":59,"column":19}},"59":{"start":{"line":60,"column":0},"end":{"line":60,"column":1}}},"s":{"0":1,"1":1,"2":1,"3":1,"4":1,"5":1,"6":1,"7":1,"8":1,"9":1,"10":1,"11":1,"12":1,"13":1,"14":1,"15":1,"16":1,"17":1,"18":1,"19":1,"20":38,"21":38,"22":38,"23":38,"24":38,"25":38,"26":38,"27":38,"28":38,"29":38,"30":38,"31":38,"32":1,"33":1,"34":1,"35":1,"36":1,"37":1,"38":1,"39":6,"40":6,"41":1,"42":1,"43":1,"44":1,"45":1,"46":1,"47":19,"48":3,"49":3,"50":19,"51":1,"52":1,"53":1,"54":1,"55":1,"56":1,"57":3,"58":3,"59":3},"branchMap":{"0":{"type":"branch","line":20,"loc":{"start":{"line":20,"column":7},"end":{"line":32,"column":1}},"locations":[{"start":{"line":20,"column":7},"end":{"line":32,"column":1}}]},"1":{"type":"branch","line":34,"loc":{"start":{"line":34,"column":7},"end":{"line":37,"column":1}},"locations":[{"start":{"line":34,"column":7},"end":{"line":37,"column":1}}]},"2":{"type":"branch","line":39,"loc":{"start":{"line":39,"column":7},"end":{"line":41,"column":1}},"locations":[{"start":{"line":39,"column":7},"end":{"line":41,"column":1}}]},"3":{"type":"branch","line":47,"loc":{"start":{"line":47,"column":7},"end":{"line":51,"column":1}},"locations":[{"start":{"line":47,"column":7},"end":{"line":51,"column":1}}]},"4":{"type":"branch","line":48,"loc":{"start":{"line":48,"column":18},"end":{"line":50,"column":3}},"locations":[{"start":{"line":48,"column":18},"end":{"line":50,"column":3}}]},"5":{"type":"branch","line":57,"loc":{"start":{"line":57,"column":7},"end":{"line":60,"column":1}},"locations":[{"start":{"line":57,"column":7},"end":{"line":60,"column":1}}]}},"b":{"0":[38],"1":[1],"2":[6],"3":[19],"4":[3],"5":[3]},"fnMap":{"0":{"name":"noop","decl":{"start":{"line":7,"column":20},"end":{"line":7,"column":29}},"loc":{"start":{"line":7,"column":20},"end":{"line":7,"column":29}},"line":7},"1":{"name":"info","decl":{"start":{"line":10,"column":8},"end":{"line":10,"column":82}},"loc":{"start":{"line":10,"column":8},"end":{"line":10,"column":82}},"line":10},"2":{"name":"warn","decl":{"start":{"line":11,"column":8},"end":{"line":11,"column":83}},"loc":{"start":{"line":11,"column":8},"end":{"line":11,"column":83}},"line":11},"3":{"name":"error","decl":{"start":{"line":12,"column":9},"end":{"line":12,"column":86}},"loc":{"start":{"line":12,"column":9},"end":{"line":12,"column":86}},"line":12},"4":{"name":"appendAuditLog","decl":{"start":{"line":20,"column":7},"end":{"line":32,"column":1}},"loc":{"start":{"line":20,"column":7},"end":{"line":32,"column":1}},"line":20},"5":{"name":"appendOperationLog","decl":{"start":{"line":34,"column":7},"end":{"line":37,"column":1}},"loc":{"start":{"line":34,"column":7},"end":{"line":37,"column":1}},"line":34},"6":{"name":"clearAuditLogs","decl":{"start":{"line":39,"column":7},"end":{"line":41,"column":1}},"loc":{"start":{"line":39,"column":7},"end":{"line":41,"column":1}},"line":39},"7":{"name":"invariant","decl":{"start":{"line":47,"column":7},"end":{"line":51,"column":1}},"loc":{"start":{"line":47,"column":7},"end":{"line":51,"column":1}},"line":47},"8":{"name":"debugAssert","decl":{"start":{"line":57,"column":7},"end":{"line":60,"column":1}},"loc":{"start":{"line":57,"column":7},"end":{"line":60,"column":1}},"line":57}},"f":{"0":0,"1":0,"2":0,"3":0,"4":38,"5":1,"6":6,"7":19,"8":3}}
,"D:\\w_skill_opt\\Software_Engineering_W_Development_Model_Skills_Pack\\w-model-dev-demo\\src\\utils\\schemas.ts": {"path":"D:\\w_skill_opt\\Software_Engineering_W_Development_Model_Skills_Pack\\w-model-dev-demo\\src\\utils\\schemas.ts","all":false,"statementMap":{"0":{"start":{"line":1,"column":0},"end":{"line":1,"column":26}},"1":{"start":{"line":2,"column":0},"end":{"line":2,"column":0}},"2":{"start":{"line":3,"column":0},"end":{"line":3,"column":24}},"3":{"start":{"line":4,"column":0},"end":{"line":4,"column":0}},"4":{"start":{"line":5,"column":0},"end":{"line":5,"column":46}},"5":{"start":{"line":6,"column":0},"end":{"line":6,"column":48}},"6":{"start":{"line":7,"column":0},"end":{"line":7,"column":59}},"7":{"start":{"line":8,"column":0},"end":{"line":8,"column":0}},"8":{"start":{"line":9,"column":0},"end":{"line":9,"column":64}},"9":{"start":{"line":10,"column":0},"end":{"line":10,"column":0}},"10":{"start":{"line":11,"column":0},"end":{"line":11,"column":30}},"11":{"start":{"line":12,"column":0},"end":{"line":12,"column":11}},"12":{"start":{"line":13,"column":0},"end":{"line":13,"column":9}},"13":{"start":{"line":14,"column":0},"end":{"line":14,"column":10}},"14":{"start":{"line":15,"column":0},"end":{"line":15,"column":82}},"15":{"start":{"line":16,"column":0},"end":{"line":16,"column":0}},"16":{"start":{"line":17,"column":0},"end":{"line":17,"column":67}},"17":{"start":{"line":18,"column":0},"end":{"line":18,"column":0}},"18":{"start":{"line":19,"column":0},"end":{"line":19,"column":60}},"19":{"start":{"line":20,"column":0},"end":{"line":20,"column":0}},"20":{"start":{"line":21,"column":0},"end":{"line":21,"column":44}},"21":{"start":{"line":22,"column":0},"end":{"line":22,"column":36}},"22":{"start":{"line":23,"column":0},"end":{"line":23,"column":40}},"23":{"start":{"line":24,"column":0},"end":{"line":24,"column":54}},"24":{"start":{"line":25,"column":0},"end":{"line":25,"column":45}},"25":{"start":{"line":26,"column":0},"end":{"line":26,"column":34}},"26":{"start":{"line":27,"column":0},"end":{"line":27,"column":57}},"27":{"start":{"line":28,"column":0},"end":{"line":28,"column":35}},"28":{"start":{"line":29,"column":0},"end":{"line":29,"column":11}},"29":{"start":{"line":30,"column":0},"end":{"line":30,"column":74}},"30":{"start":{"line":31,"column":0},"end":{"line":31,"column":16}},"31":{"start":{"line":32,"column":0},"end":{"line":32,"column":3}},"32":{"start":{"line":33,"column":0},"end":{"line":33,"column":0}},"33":{"start":{"line":34,"column":0},"end":{"line":34,"column":64}},"34":{"start":{"line":35,"column":0},"end":{"line":35,"column":0}},"35":{"start":{"line":36,"column":0},"end":{"line":36,"column":39}},"36":{"start":{"line":37,"column":0},"end":{"line":37,"column":28}},"37":{"start":{"line":38,"column":0},"end":{"line":38,"column":36}},"38":{"start":{"line":39,"column":0},"end":{"line":39,"column":29}},"39":{"start":{"line":40,"column":0},"end":{"line":40,"column":30}},"40":{"start":{"line":41,"column":0},"end":{"line":41,"column":20}},"41":{"start":{"line":42,"column":0},"end":{"line":42,"column":18}},"42":{"start":{"line":43,"column":0},"end":{"line":43,"column":78}},"43":{"start":{"line":44,"column":0},"end":{"line":44,"column":0}},"44":{"start":{"line":45,"column":0},"end":{"line":45,"column":36}},"45":{"start":{"line":46,"column":0},"end":{"line":46,"column":47}},"46":{"start":{"line":47,"column":0},"end":{"line":47,"column":60}},"47":{"start":{"line":48,"column":0},"end":{"line":48,"column":3}},"48":{"start":{"line":49,"column":0},"end":{"line":49,"column":0}},"49":{"start":{"line":50,"column":0},"end":{"line":50,"column":60}},"50":{"start":{"line":51,"column":0},"end":{"line":51,"column":61}},"51":{"start":{"line":52,"column":0},"end":{"line":52,"column":67}},"52":{"start":{"line":53,"column":0},"end":{"line":53,"column":0}},"53":{"start":{"line":54,"column":0},"end":{"line":54,"column":44}},"54":{"start":{"line":55,"column":0},"end":{"line":55,"column":36}},"55":{"start":{"line":56,"column":0},"end":{"line":56,"column":15}},"56":{"start":{"line":57,"column":0},"end":{"line":57,"column":87}},"57":{"start":{"line":58,"column":0},"end":{"line":58,"column":0}},"58":{"start":{"line":59,"column":0},"end":{"line":59,"column":58}},"59":{"start":{"line":60,"column":0},"end":{"line":60,"column":0}},"60":{"start":{"line":61,"column":0},"end":{"line":61,"column":61}},"61":{"start":{"line":62,"column":0},"end":{"line":62,"column":0}},"62":{"start":{"line":63,"column":0},"end":{"line":63,"column":45}},"63":{"start":{"line":64,"column":0},"end":{"line":64,"column":38}},"64":{"start":{"line":65,"column":0},"end":{"line":65,"column":31}},"65":{"start":{"line":66,"column":0},"end":{"line":66,"column":43}},"66":{"start":{"line":67,"column":0},"end":{"line":67,"column":3}},"67":{"start":{"line":68,"column":0},"end":{"line":68,"column":0}},"68":{"start":{"line":69,"column":0},"end":{"line":69,"column":52}},"69":{"start":{"line":70,"column":0},"end":{"line":70,"column":34}},"70":{"start":{"line":71,"column":0},"end":{"line":71,"column":31}},"71":{"start":{"line":72,"column":0},"end":{"line":72,"column":33}},"72":{"start":{"line":73,"column":0},"end":{"line":73,"column":33}},"73":{"start":{"line":74,"column":0},"end":{"line":74,"column":39}},"74":{"start":{"line":75,"column":0},"end":{"line":75,"column":3}},"75":{"start":{"line":76,"column":0},"end":{"line":76,"column":0}},"76":{"start":{"line":77,"column":0},"end":{"line":77,"column":64}},"77":{"start":{"line":78,"column":0},"end":{"line":78,"column":0}},"78":{"start":{"line":79,"column":0},"end":{"line":79,"column":59}}},"s":{"0":1,"1":1,"2":1,"3":1,"4":1,"5":1,"6":1,"7":1,"8":1,"9":1,"10":1,"11":1,"12":1,"13":1,"14":1,"15":1,"16":1,"17":1,"18":1,"19":1,"20":1,"21":1,"22":1,"23":1,"24":1,"25":1,"26":1,"27":1,"28":1,"29":1,"30":1,"31":1,"32":1,"33":1,"34":1,"35":1,"36":1,"37":1,"38":1,"39":1,"40":1,"41":1,"42":1,"43":1,"44":1,"45":1,"46":1,"47":1,"48":1,"49":1,"50":1,"51":1,"52":1,"53":1,"54":1,"55":1,"56":1,"57":1,"58":1,"59":1,"60":1,"61":1,"62":1,"63":1,"64":1,"65":1,"66":1,"67":1,"68":1,"69":1,"70":1,"71":1,"72":1,"73":1,"74":1,"75":1,"76":1,"77":1,"78":1},"branchMap":{"0":{"type":"branch","line":15,"loc":{"start":{"line":15,"column":10},"end":{"line":15,"column":39}},"locations":[{"start":{"line":15,"column":10},"end":{"line":15,"column":39}}]},"1":{"type":"branch","line":43,"loc":{"start":{"line":43,"column":10},"end":{"line":43,"column":38}},"locations":[{"start":{"line":43,"column":10},"end":{"line":43,"column":38}}]},"2":{"type":"branch","line":57,"loc":{"start":{"line":57,"column":10},"end":{"line":57,"column":46}},"locations":[{"start":{"line":57,"column":10},"end":{"line":57,"column":46}}]}},"b":{"0":[20],"1":[55],"2":[5]},"fnMap":{"0":{"name":"__vite_ssr_import_0__.z.string.min.max.refine.message","decl":{"start":{"line":15,"column":10},"end":{"line":15,"column":39}},"loc":{"start":{"line":15,"column":10},"end":{"line":15,"column":39}},"line":15},"1":{"name":"__vite_ssr_import_0__.z.object.refine.message","decl":{"start":{"line":43,"column":10},"end":{"line":43,"column":38}},"loc":{"start":{"line":43,"column":10},"end":{"line":43,"column":38}},"line":43},"2":{"name":"__vite_ssr_import_0__.z.object.refine.message","decl":{"start":{"line":57,"column":10},"end":{"line":57,"column":46}},"loc":{"start":{"line":57,"column":10},"end":{"line":57,"column":46}},"line":57}},"f":{"0":20,"1":55,"2":5}}
}
